2019-12-08 Sun 10:27:01 autoreload.py run_with_reloader 578 - INFO - Watching for file changes with StatReloader
2019-12-08 Sun 10:27:04 log.py log_response 228 - WARNING - Not Found: /favicon.ico
2019-12-08 Sun 10:27:06 log.py log_response 228 - WARNING - Not Found: /favicon.ico
2019-12-08 Sun 10:46:02 autoreload.py run_with_reloader 578 - INFO - Watching for file changes with StatReloader
2019-12-08 Sun 10:46:06 log.py log_response 228 - WARNING - Not Found: /favicon.ico
2019-12-08 Sun 10:51:53 autoreload.py trigger_reload 203 - INFO - E:\1.chenbo\1-program\11-LAMDataServer\lamdataserver\LAMProcessData\query_views.py changed, reloading.
2019-12-08 Sun 10:51:59 autoreload.py run_with_reloader 578 - INFO - Watching for file changes with StatReloader
2019-12-08 Sun 10:55:09 autoreload.py trigger_reload 203 - INFO - E:\1.chenbo\1-program\11-LAMDataServer\lamdataserver\LAMProcessData\query_views.py changed, reloading.
2019-12-08 Sun 10:55:11 autoreload.py run_with_reloader 578 - INFO - Watching for file changes with StatReloader
2019-12-08 Sun 10:55:22 query_views.py getcache 305 - DEBUG - getcache error, qset:(AND: ('work_section', <Worksection: 2号设备>), ('index_date_int', 20191123)), datatype:oxygen
2019-12-08 Sun 10:55:24 query_views.py setcache 326 - DEBUG - setcache error, qset:(AND: ('work_section', <Worksection: 2号设备>), ('index_date_int', 20191123)), datatype:oxygen
2019-12-08 Sun 10:55:24 query_views.py getcache 305 - DEBUG - getcache error, qset:(AND: ('work_section', <Worksection: 2号设备>), ('index_date_int', 20191124)), datatype:oxygen
2019-12-08 Sun 10:55:26 query_views.py setcache 326 - DEBUG - setcache error, qset:(AND: ('work_section', <Worksection: 2号设备>), ('index_date_int', 20191124)), datatype:oxygen
2019-12-08 Sun 10:55:30 query_views.py getcache 305 - DEBUG - getcache error, qset:(AND: ('work_section', <Worksection: 2号设备>), ('index_date_int', 20191128)), datatype:oxygen
2019-12-08 Sun 10:55:32 query_views.py setcache 326 - DEBUG - setcache error, qset:(AND: ('work_section', <Worksection: 2号设备>), ('index_date_int', 20191128)), datatype:oxygen
2019-12-08 Sun 10:55:32 query_views.py getcache 305 - DEBUG - getcache error, qset:(AND: ('work_section', <Worksection: 2号设备>), ('index_date_int', 20191129)), datatype:oxygen
2019-12-08 Sun 10:55:34 query_views.py setcache 326 - DEBUG - setcache error, qset:(AND: ('work_section', <Worksection: 2号设备>), ('index_date_int', 20191129)), datatype:oxygen
2019-12-08 Sun 10:55:34 query_views.py getcache 305 - DEBUG - getcache error, qset:(AND: ('work_section', <Worksection: 2号设备>), ('index_date_int', 20191130)), datatype:oxygen
2019-12-08 Sun 10:55:36 query_views.py setcache 326 - DEBUG - setcache error, qset:(AND: ('work_section', <Worksection: 2号设备>), ('index_date_int', 20191130)), datatype:oxygen
2019-12-08 Sun 10:56:47 autoreload.py trigger_reload 203 - INFO - E:\1.chenbo\1-program\11-LAMDataServer\lamdataserver\LAMProcessData\query_views.py changed, reloading.
2019-12-08 Sun 10:56:49 autoreload.py run_with_reloader 578 - INFO - Watching for file changes with StatReloader
2019-12-08 Sun 10:58:41 autoreload.py trigger_reload 203 - INFO - E:\1.chenbo\1-program\11-LAMDataServer\lamdataserver\LAMProcessData\query_views.py changed, reloading.
2019-12-08 Sun 10:58:43 autoreload.py run_with_reloader 578 - INFO - Watching for file changes with StatReloader
2019-12-08 Sun 11:04:25 autoreload.py trigger_reload 203 - INFO - E:\1.chenbo\1-program\11-LAMDataServer\lamdataserver\LAMProcessData\query_views.py changed, reloading.
2019-12-08 Sun 11:04:27 autoreload.py run_with_reloader 578 - INFO - Watching for file changes with StatReloader
2019-12-08 Sun 11:05:03 autoreload.py trigger_reload 203 - INFO - E:\1.chenbo\1-program\11-LAMDataServer\lamdataserver\LAMProcessData\query_views.py changed, reloading.
2019-12-08 Sun 11:05:05 autoreload.py run_with_reloader 578 - INFO - Watching for file changes with StatReloader
2019-12-08 Sun 11:05:08 query_views.py getcache 305 - DEBUG - getcache error, qset:(AND: ('work_section', <Worksection: 2号设备>), ('index_date_int', 20191123)), datatype:oxygen
2019-12-08 Sun 11:05:10 query_views.py setcache 326 - DEBUG - setcache error, qset:(AND: ('work_section', <Worksection: 2号设备>), ('index_date_int', 20191123)), datatype:oxygen
2019-12-08 Sun 11:05:10 query_views.py getcache 305 - DEBUG - getcache error, qset:(AND: ('work_section', <Worksection: 2号设备>), ('index_date_int', 20191124)), datatype:oxygen
2019-12-08 Sun 11:05:12 query_views.py setcache 326 - DEBUG - setcache error, qset:(AND: ('work_section', <Worksection: 2号设备>), ('index_date_int', 20191124)), datatype:oxygen
2019-12-08 Sun 11:05:12 query_views.py getcache 305 - DEBUG - getcache error, qset:(AND: ('work_section', <Worksection: 2号设备>), ('index_date_int', 20191128)), datatype:oxygen
2019-12-08 Sun 11:05:14 query_views.py setcache 326 - DEBUG - setcache error, qset:(AND: ('work_section', <Worksection: 2号设备>), ('index_date_int', 20191128)), datatype:oxygen
2019-12-08 Sun 11:05:14 query_views.py getcache 305 - DEBUG - getcache error, qset:(AND: ('work_section', <Worksection: 2号设备>), ('index_date_int', 20191129)), datatype:oxygen
2019-12-08 Sun 11:05:16 query_views.py setcache 326 - DEBUG - setcache error, qset:(AND: ('work_section', <Worksection: 2号设备>), ('index_date_int', 20191129)), datatype:oxygen
2019-12-08 Sun 11:05:16 query_views.py getcache 305 - DEBUG - getcache error, qset:(AND: ('work_section', <Worksection: 2号设备>), ('index_date_int', 20191130)), datatype:oxygen
2019-12-08 Sun 11:05:18 query_views.py setcache 326 - DEBUG - setcache error, qset:(AND: ('work_section', <Worksection: 2号设备>), ('index_date_int', 20191130)), datatype:oxygen
2019-12-08 Sun 11:06:02 autoreload.py trigger_reload 203 - INFO - E:\1.chenbo\1-program\11-LAMDataServer\lamdataserver\LAMProcessData\query_views.py changed, reloading.
2019-12-08 Sun 11:06:04 autoreload.py run_with_reloader 578 - INFO - Watching for file changes with StatReloader
2019-12-08 Sun 11:08:42 autoreload.py trigger_reload 203 - INFO - E:\1.chenbo\1-program\11-LAMDataServer\lamdataserver\LAMProcessData\query_views.py changed, reloading.
2019-12-08 Sun 11:08:44 autoreload.py run_with_reloader 578 - INFO - Watching for file changes with StatReloader
2019-12-08 Sun 11:09:31 autoreload.py trigger_reload 203 - INFO - E:\1.chenbo\1-program\11-LAMDataServer\lamdataserver\LAMProcessData\query_views.py changed, reloading.
2019-12-08 Sun 11:09:33 autoreload.py run_with_reloader 578 - INFO - Watching for file changes with StatReloader
2019-12-08 Sun 11:24:25 autoreload.py run_with_reloader 578 - INFO - Watching for file changes with StatReloader
2019-12-08 Sun 11:26:56 autoreload.py run_with_reloader 578 - INFO - Watching for file changes with StatReloader
2019-12-08 Sun 11:29:17 autoreload.py trigger_reload 203 - INFO - E:\1.chenbo\1-program\11-LAMDataServer\lamdataserver\LAMProcessData\query_views.py changed, reloading.
2019-12-08 Sun 11:29:22 autoreload.py run_with_reloader 578 - INFO - Watching for file changes with StatReloader
2019-12-08 Sun 11:30:09 autoreload.py trigger_reload 203 - INFO - E:\1.chenbo\1-program\11-LAMDataServer\lamdataserver\LAMProcessData\query_views.py changed, reloading.
2019-12-08 Sun 11:30:11 autoreload.py run_with_reloader 578 - INFO - Watching for file changes with StatReloader
2019-12-08 Sun 11:33:19 autoreload.py trigger_reload 203 - INFO - E:\1.chenbo\1-program\11-LAMDataServer\lamdataserver\LAMProcessData\query_views.py changed, reloading.
2019-12-08 Sun 11:33:20 autoreload.py run_with_reloader 578 - INFO - Watching for file changes with StatReloader
2019-12-08 Sun 11:33:28 query_views.py getcache 305 - DEBUG - getcache error, qset:(AND: ('work_section', <Worksection: 2号设备>), ('index_date_int', 20191117)), datatype:oxygen
2019-12-08 Sun 11:33:30 query_views.py setcache 326 - DEBUG - setcache error, qset:(AND: ('work_section', <Worksection: 2号设备>), ('index_date_int', 20191117)), datatype:oxygen
2019-12-08 Sun 11:36:44 autoreload.py run_with_reloader 578 - INFO - Watching for file changes with StatReloader
2019-12-08 Sun 11:40:40 autoreload.py run_with_reloader 578 - INFO - Watching for file changes with StatReloader
2019-12-08 Sun 11:43:58 autoreload.py run_with_reloader 578 - INFO - Watching for file changes with StatReloader
2019-12-08 Sun 11:44:57 query_views.py getcache 305 - DEBUG - getcache error, qset:(AND: ('work_section', <Worksection: 2号设备>), ('index_date_int', 20191117)), datatype:oxygen
2019-12-08 Sun 11:44:59 query_views.py setcache 326 - DEBUG - setcache error, qset:(AND: ('work_section', <Worksection: 2号设备>), ('index_date_int', 20191117)), datatype:oxygen
2019-12-08 Sun 11:46:00 autoreload.py trigger_reload 203 - INFO - E:\1.chenbo\1-program\11-LAMDataServer\lamdataserver\LAMProcessData\query_views.py changed, reloading.
2019-12-08 Sun 11:46:06 autoreload.py run_with_reloader 578 - INFO - Watching for file changes with StatReloader
2019-12-08 Sun 11:46:27 query_views.py getcache 305 - DEBUG - getcache error, qset:(AND: ('work_section', <Worksection: 2号设备>), ('index_date_int', 20191123)), datatype:oxygen
2019-12-08 Sun 11:46:29 query_views.py setcache 326 - DEBUG - setcache error, qset:(AND: ('work_section', <Worksection: 2号设备>), ('index_date_int', 20191123)), datatype:oxygen
2019-12-08 Sun 11:46:31 query_views.py getcache 305 - DEBUG - getcache error, qset:(AND: ('work_section', <Worksection: 2号设备>), ('index_date_int', 20191123)), datatype:cncstatus
2019-12-08 Sun 11:46:47 query_views.py setcache 326 - DEBUG - setcache error, qset:(AND: ('work_section', <Worksection: 2号设备>), ('index_date_int', 20191123)), datatype:cncstatus
2019-12-08 Sun 11:46:47 query_views.py getcache 305 - DEBUG - getcache error, qset:(AND: ('work_section', <Worksection: 2号设备>), ('index_date_int', 20191124)), datatype:oxygen
2019-12-08 Sun 11:46:49 query_views.py setcache 326 - DEBUG - setcache error, qset:(AND: ('work_section', <Worksection: 2号设备>), ('index_date_int', 20191124)), datatype:oxygen
2019-12-08 Sun 11:46:50 query_views.py getcache 305 - DEBUG - getcache error, qset:(AND: ('work_section', <Worksection: 2号设备>), ('index_date_int', 20191124)), datatype:cncstatus
2019-12-08 Sun 11:47:06 query_views.py setcache 326 - DEBUG - setcache error, qset:(AND: ('work_section', <Worksection: 2号设备>), ('index_date_int', 20191124)), datatype:cncstatus
2019-12-08 Sun 11:54:54 query_views.py getcache 305 - DEBUG - getcache error, qset:(AND: ('work_section', <Worksection: 2号设备>), ('index_date_int', 20191207)), datatype:oxygen
2019-12-08 Sun 11:54:56 query_views.py setcache 326 - DEBUG - setcache error, qset:(AND: ('work_section', <Worksection: 2号设备>), ('index_date_int', 20191207)), datatype:oxygen
2019-12-08 Sun 11:54:56 query_views.py getcache 305 - DEBUG - getcache error, qset:(AND: ('work_section', <Worksection: 2号设备>), ('index_date_int', 20191207)), datatype:laser
2019-12-08 Sun 11:55:01 query_views.py setcache 326 - DEBUG - setcache error, qset:(AND: ('work_section', <Worksection: 2号设备>), ('index_date_int', 20191207)), datatype:laser
2019-12-08 Sun 11:55:01 query_views.py getcache 305 - DEBUG - getcache error, qset:(AND: ('work_section', <Worksection: 2号设备>), ('index_date_int', 20191207)), datatype:cncstatus
2019-12-08 Sun 11:55:16 query_views.py setcache 326 - DEBUG - setcache error, qset:(AND: ('work_section', <Worksection: 2号设备>), ('index_date_int', 20191207)), datatype:cncstatus
2019-12-08 Sun 11:55:16 query_views.py getcache 305 - DEBUG - getcache error, qset:(AND: ('work_section', <Worksection: 2号设备>), ('index_date_int', 20191208)), datatype:oxygen
2019-12-08 Sun 11:55:18 query_views.py setcache 326 - DEBUG - setcache error, qset:(AND: ('work_section', <Worksection: 2号设备>), ('index_date_int', 20191208)), datatype:oxygen
2019-12-08 Sun 11:55:18 query_views.py getcache 305 - DEBUG - getcache error, qset:(AND: ('work_section', <Worksection: 2号设备>), ('index_date_int', 20191208)), datatype:laser
2019-12-08 Sun 11:55:23 query_views.py setcache 326 - DEBUG - setcache error, qset:(AND: ('work_section', <Worksection: 2号设备>), ('index_date_int', 20191208)), datatype:laser
2019-12-08 Sun 11:55:23 query_views.py getcache 305 - DEBUG - getcache error, qset:(AND: ('work_section', <Worksection: 2号设备>), ('index_date_int', 20191208)), datatype:cncstatus
2019-12-08 Sun 11:55:39 query_views.py setcache 326 - DEBUG - setcache error, qset:(AND: ('work_section', <Worksection: 2号设备>), ('index_date_int', 20191208)), datatype:cncstatus
2019-12-08 Sun 11:59:48 log.py log_response 228 - ERROR - Internal Server Error: /LAMProcessData/QueryData/Data_By_WorkSectionDatetime//0/1/2019-11-1800:00/2019-11-1823:59/60/
Traceback (most recent call last):
  File "D:\Python37\lib\site-packages\django\core\handlers\exception.py", line 34, in inner
    response = get_response(request)
  File "D:\Python37\lib\site-packages\django\core\handlers\base.py", line 115, in _get_response
    response = self.process_exception_by_middleware(e, request)
  File "D:\Python37\lib\site-packages\django\core\handlers\base.py", line 113, in _get_response
    response = wrapped_callback(request, *callback_args, **callback_kwargs)
  File "D:\Python37\lib\site-packages\django\contrib\auth\decorators.py", line 21, in _wrapped_view
    return view_func(request, *args, **kwargs)
  File "D:\Python37\lib\site-packages\django\views\decorators\csrf.py", line 54, in wrapped_view
    return view_func(*args, **kwargs)
  File "E:\1.chenbo\1-program\11-LAMDataServer\lamdataserver\LAMProcessData\query_views.py", line 443, in queryData_data_By_WorkSectionDatetime
    worksection = Worksection.objects.get(id=WorksectionID)
  File "D:\Python37\lib\site-packages\django\db\models\manager.py", line 82, in manager_method
    return getattr(self.get_queryset(), name)(*args, **kwargs)
  File "D:\Python37\lib\site-packages\django\db\models\query.py", line 399, in get
    clone = self.filter(*args, **kwargs)
  File "D:\Python37\lib\site-packages\django\db\models\query.py", line 892, in filter
    return self._filter_or_exclude(False, *args, **kwargs)
  File "D:\Python37\lib\site-packages\django\db\models\query.py", line 910, in _filter_or_exclude
    clone.query.add_q(Q(*args, **kwargs))
  File "D:\Python37\lib\site-packages\django\db\models\sql\query.py", line 1290, in add_q
    clause, _ = self._add_q(q_object, self.used_aliases)
  File "D:\Python37\lib\site-packages\django\db\models\sql\query.py", line 1318, in _add_q
    split_subq=split_subq, simple_col=simple_col,
  File "D:\Python37\lib\site-packages\django\db\models\sql\query.py", line 1251, in build_filter
    condition = self.build_lookup(lookups, col, value)
  File "D:\Python37\lib\site-packages\django\db\models\sql\query.py", line 1116, in build_lookup
    lookup = lookup_class(lhs, rhs)
  File "D:\Python37\lib\site-packages\django\db\models\lookups.py", line 20, in __init__
    self.rhs = self.get_prep_lookup()
  File "D:\Python37\lib\site-packages\django\db\models\lookups.py", line 70, in get_prep_lookup
    return self.lhs.output_field.get_prep_value(self.rhs)
  File "D:\Python37\lib\site-packages\django\db\models\fields\__init__.py", line 966, in get_prep_value
    return int(value)
ValueError: invalid literal for int() with base 10: '/0/1'
2019-12-08 Sun 12:00:24 log.py log_response 228 - ERROR - Internal Server Error: /LAMProcessData/QueryData/Data_By_WorkSectionDatetime/0/1/2019-11-1800:00/2019-11-1823:59/60/
Traceback (most recent call last):
  File "D:\Python37\lib\site-packages\django\core\handlers\exception.py", line 34, in inner
    response = get_response(request)
  File "D:\Python37\lib\site-packages\django\core\handlers\base.py", line 115, in _get_response
    response = self.process_exception_by_middleware(e, request)
  File "D:\Python37\lib\site-packages\django\core\handlers\base.py", line 113, in _get_response
    response = wrapped_callback(request, *callback_args, **callback_kwargs)
  File "D:\Python37\lib\site-packages\django\contrib\auth\decorators.py", line 21, in _wrapped_view
    return view_func(request, *args, **kwargs)
  File "D:\Python37\lib\site-packages\django\views\decorators\csrf.py", line 54, in wrapped_view
    return view_func(*args, **kwargs)
  File "E:\1.chenbo\1-program\11-LAMDataServer\lamdataserver\LAMProcessData\query_views.py", line 443, in queryData_data_By_WorkSectionDatetime
    worksection = Worksection.objects.get(id=WorksectionID)
  File "D:\Python37\lib\site-packages\django\db\models\manager.py", line 82, in manager_method
    return getattr(self.get_queryset(), name)(*args, **kwargs)
  File "D:\Python37\lib\site-packages\django\db\models\query.py", line 399, in get
    clone = self.filter(*args, **kwargs)
  File "D:\Python37\lib\site-packages\django\db\models\query.py", line 892, in filter
    return self._filter_or_exclude(False, *args, **kwargs)
  File "D:\Python37\lib\site-packages\django\db\models\query.py", line 910, in _filter_or_exclude
    clone.query.add_q(Q(*args, **kwargs))
  File "D:\Python37\lib\site-packages\django\db\models\sql\query.py", line 1290, in add_q
    clause, _ = self._add_q(q_object, self.used_aliases)
  File "D:\Python37\lib\site-packages\django\db\models\sql\query.py", line 1318, in _add_q
    split_subq=split_subq, simple_col=simple_col,
  File "D:\Python37\lib\site-packages\django\db\models\sql\query.py", line 1251, in build_filter
    condition = self.build_lookup(lookups, col, value)
  File "D:\Python37\lib\site-packages\django\db\models\sql\query.py", line 1116, in build_lookup
    lookup = lookup_class(lhs, rhs)
  File "D:\Python37\lib\site-packages\django\db\models\lookups.py", line 20, in __init__
    self.rhs = self.get_prep_lookup()
  File "D:\Python37\lib\site-packages\django\db\models\lookups.py", line 70, in get_prep_lookup
    return self.lhs.output_field.get_prep_value(self.rhs)
  File "D:\Python37\lib\site-packages\django\db\models\fields\__init__.py", line 966, in get_prep_value
    return int(value)
ValueError: invalid literal for int() with base 10: '0/1'
2019-12-08 Sun 12:00:29 log.py log_response 228 - ERROR - Internal Server Error: /LAMProcessData/QueryData/Data_By_WorkSectionDatetime/1/1/2019-11-1800:00/2019-11-1823:59/60/
Traceback (most recent call last):
  File "D:\Python37\lib\site-packages\django\core\handlers\exception.py", line 34, in inner
    response = get_response(request)
  File "D:\Python37\lib\site-packages\django\core\handlers\base.py", line 115, in _get_response
    response = self.process_exception_by_middleware(e, request)
  File "D:\Python37\lib\site-packages\django\core\handlers\base.py", line 113, in _get_response
    response = wrapped_callback(request, *callback_args, **callback_kwargs)
  File "D:\Python37\lib\site-packages\django\contrib\auth\decorators.py", line 21, in _wrapped_view
    return view_func(request, *args, **kwargs)
  File "D:\Python37\lib\site-packages\django\views\decorators\csrf.py", line 54, in wrapped_view
    return view_func(*args, **kwargs)
  File "E:\1.chenbo\1-program\11-LAMDataServer\lamdataserver\LAMProcessData\query_views.py", line 443, in queryData_data_By_WorkSectionDatetime
    worksection = Worksection.objects.get(id=WorksectionID)
  File "D:\Python37\lib\site-packages\django\db\models\manager.py", line 82, in manager_method
    return getattr(self.get_queryset(), name)(*args, **kwargs)
  File "D:\Python37\lib\site-packages\django\db\models\query.py", line 399, in get
    clone = self.filter(*args, **kwargs)
  File "D:\Python37\lib\site-packages\django\db\models\query.py", line 892, in filter
    return self._filter_or_exclude(False, *args, **kwargs)
  File "D:\Python37\lib\site-packages\django\db\models\query.py", line 910, in _filter_or_exclude
    clone.query.add_q(Q(*args, **kwargs))
  File "D:\Python37\lib\site-packages\django\db\models\sql\query.py", line 1290, in add_q
    clause, _ = self._add_q(q_object, self.used_aliases)
  File "D:\Python37\lib\site-packages\django\db\models\sql\query.py", line 1318, in _add_q
    split_subq=split_subq, simple_col=simple_col,
  File "D:\Python37\lib\site-packages\django\db\models\sql\query.py", line 1251, in build_filter
    condition = self.build_lookup(lookups, col, value)
  File "D:\Python37\lib\site-packages\django\db\models\sql\query.py", line 1116, in build_lookup
    lookup = lookup_class(lhs, rhs)
  File "D:\Python37\lib\site-packages\django\db\models\lookups.py", line 20, in __init__
    self.rhs = self.get_prep_lookup()
  File "D:\Python37\lib\site-packages\django\db\models\lookups.py", line 70, in get_prep_lookup
    return self.lhs.output_field.get_prep_value(self.rhs)
  File "D:\Python37\lib\site-packages\django\db\models\fields\__init__.py", line 966, in get_prep_value
    return int(value)
ValueError: invalid literal for int() with base 10: '1/1'
2019-12-08 Sun 12:00:48 autoreload.py trigger_reload 203 - INFO - E:\1.chenbo\1-program\11-LAMDataServer\lamdataserver\LAMProcessData\query_views.py changed, reloading.
2019-12-08 Sun 12:00:50 autoreload.py run_with_reloader 578 - INFO - Watching for file changes with StatReloader
2019-12-08 Sun 12:00:52 log.py log_response 228 - ERROR - Internal Server Error: /LAMProcessData/QueryData/Data_By_WorkSectionDatetime/0/1/2019-11-1800:00/2019-11-1823:59/60/
Traceback (most recent call last):
  File "D:\Python37\lib\site-packages\django\core\handlers\exception.py", line 34, in inner
    response = get_response(request)
  File "D:\Python37\lib\site-packages\django\core\handlers\base.py", line 115, in _get_response
    response = self.process_exception_by_middleware(e, request)
  File "D:\Python37\lib\site-packages\django\core\handlers\base.py", line 113, in _get_response
    response = wrapped_callback(request, *callback_args, **callback_kwargs)
  File "D:\Python37\lib\site-packages\django\contrib\auth\decorators.py", line 21, in _wrapped_view
    return view_func(request, *args, **kwargs)
  File "D:\Python37\lib\site-packages\django\views\decorators\csrf.py", line 54, in wrapped_view
    return view_func(*args, **kwargs)
TypeError: queryData_data_By_WorkSectionDatetime() missing 1 required positional argument: 'ifForceRefresh'
2019-12-08 Sun 12:01:01 autoreload.py run_with_reloader 578 - INFO - Watching for file changes with StatReloader
2019-12-08 Sun 12:01:03 log.py log_response 228 - ERROR - Internal Server Error: /LAMProcessData/QueryData/Data_By_WorkSectionDatetime/0/1/2019-11-1800:00/2019-11-1823:59/60/
Traceback (most recent call last):
  File "D:\Python37\lib\site-packages\django\core\handlers\exception.py", line 34, in inner
    response = get_response(request)
  File "D:\Python37\lib\site-packages\django\core\handlers\base.py", line 115, in _get_response
    response = self.process_exception_by_middleware(e, request)
  File "D:\Python37\lib\site-packages\django\core\handlers\base.py", line 113, in _get_response
    response = wrapped_callback(request, *callback_args, **callback_kwargs)
  File "D:\Python37\lib\site-packages\django\contrib\auth\decorators.py", line 21, in _wrapped_view
    return view_func(request, *args, **kwargs)
  File "D:\Python37\lib\site-packages\django\views\decorators\csrf.py", line 54, in wrapped_view
    return view_func(*args, **kwargs)
TypeError: queryData_data_By_WorkSectionDatetime() missing 1 required positional argument: 'ifForceRefresh'
2019-12-08 Sun 12:01:18 log.py log_response 228 - ERROR - Internal Server Error: /LAMProcessData/QueryData/Data_By_WorkSectionDatetime/0/1/2019-11-1800:00/2019-11-1823:59/60/
Traceback (most recent call last):
  File "D:\Python37\lib\site-packages\django\core\handlers\exception.py", line 34, in inner
    response = get_response(request)
  File "D:\Python37\lib\site-packages\django\core\handlers\base.py", line 115, in _get_response
    response = self.process_exception_by_middleware(e, request)
  File "D:\Python37\lib\site-packages\django\core\handlers\base.py", line 113, in _get_response
    response = wrapped_callback(request, *callback_args, **callback_kwargs)
  File "D:\Python37\lib\site-packages\django\contrib\auth\decorators.py", line 21, in _wrapped_view
    return view_func(request, *args, **kwargs)
  File "D:\Python37\lib\site-packages\django\views\decorators\csrf.py", line 54, in wrapped_view
    return view_func(*args, **kwargs)
TypeError: queryData_data_By_WorkSectionDatetime() missing 1 required positional argument: 'ifForceRefresh'
2019-12-08 Sun 12:02:05 autoreload.py trigger_reload 203 - INFO - E:\1.chenbo\1-program\11-LAMDataServer\lamdataserver\LAMProcessData\urls.py changed, reloading.
2019-12-08 Sun 12:02:11 autoreload.py run_with_reloader 578 - INFO - Watching for file changes with StatReloader
2019-12-08 Sun 12:04:54 autoreload.py run_with_reloader 578 - INFO - Watching for file changes with StatReloader
2019-12-08 Sun 12:07:53 autoreload.py trigger_reload 203 - INFO - E:\1.chenbo\1-program\11-LAMDataServer\lamdataserver\LAMProcessData\query_views.py changed, reloading.
2019-12-08 Sun 12:07:55 autoreload.py run_with_reloader 578 - INFO - Watching for file changes with StatReloader
2019-12-08 Sun 12:08:06 autoreload.py trigger_reload 203 - INFO - E:\1.chenbo\1-program\11-LAMDataServer\lamdataserver\LAMProcessData\query_views.py changed, reloading.
2019-12-08 Sun 12:08:08 autoreload.py run_with_reloader 578 - INFO - Watching for file changes with StatReloader
2019-12-08 Sun 12:08:19 autoreload.py trigger_reload 203 - INFO - E:\1.chenbo\1-program\11-LAMDataServer\lamdataserver\LAMProcessData\query_views.py changed, reloading.
2019-12-08 Sun 12:08:21 autoreload.py run_with_reloader 578 - INFO - Watching for file changes with StatReloader
2019-12-08 Sun 12:50:57 autoreload.py trigger_reload 203 - INFO - E:\1.chenbo\1-program\11-LAMDataServer\lamdataserver\LAMProcessData\query_views.py changed, reloading.
2019-12-08 Sun 12:50:59 autoreload.py run_with_reloader 578 - INFO - Watching for file changes with StatReloader
2019-12-08 Sun 12:51:51 autoreload.py trigger_reload 203 - INFO - E:\1.chenbo\1-program\11-LAMDataServer\lamdataserver\LAMProcessData\query_views.py changed, reloading.
2019-12-08 Sun 12:51:52 autoreload.py run_with_reloader 578 - INFO - Watching for file changes with StatReloader
2019-12-08 Sun 13:26:34 autoreload.py run_with_reloader 578 - INFO - Watching for file changes with StatReloader
2019-12-08 Sun 13:29:20 log.py log_response 228 - WARNING - Not Found: /LAMProcessData/QueryData/PreviewTable/LAMTechniqueInstruction//
2019-12-08 Sun 13:31:29 log.py log_response 228 - ERROR - Internal Server Error: /LAMProcessData/ProcessRecords/LAMProcessMission/CutRecordsByTime/
Traceback (most recent call last):
  File "D:\Python37\lib\site-packages\django\core\handlers\exception.py", line 34, in inner
    response = get_response(request)
  File "D:\Python37\lib\site-packages\django\core\handlers\base.py", line 115, in _get_response
    response = self.process_exception_by_middleware(e, request)
  File "D:\Python37\lib\site-packages\django\core\handlers\base.py", line 113, in _get_response
    response = wrapped_callback(request, *callback_args, **callback_kwargs)
  File "E:/1.chenbo/1-program/11-LAMDataServer/lamdataserver\LAMProcessData\views.py", line 2142, in lamprocessmission_CutRecords_by_Time
    _isValid = _form_inst.is_valid_custom()
AttributeError: 'LAMProcessMission_TimeCutRecordsForm' object has no attribute 'is_valid_custom'
2019-12-08 Sun 13:32:43 autoreload.py run_with_reloader 578 - INFO - Watching for file changes with StatReloader
2019-12-08 Sun 13:40:08 autoreload.py trigger_reload 203 - INFO - E:\1.chenbo\1-program\11-LAMDataServer\lamdataserver\LAMProcessData\forms.py changed, reloading.
2019-12-08 Sun 13:40:11 autoreload.py run_with_reloader 578 - INFO - Watching for file changes with StatReloader
2019-12-08 Sun 13:41:01 autoreload.py run_with_reloader 578 - INFO - Watching for file changes with StatReloader
2019-12-08 Sun 14:10:10 log.py log_response 228 - ERROR - Internal Server Error: /LAMProcessData/ProcessRecords/LAMProcessMission/CutRecordsByTime/
Traceback (most recent call last):
  File "D:\Python37\lib\site-packages\django\db\backends\utils.py", line 84, in _execute
    return self.cursor.execute(sql, params)
  File "D:\Python37\lib\site-packages\django\db\backends\mysql\base.py", line 71, in execute
    return self.cursor.execute(query, args)
  File "D:\Python37\lib\site-packages\MySQLdb\cursors.py", line 206, in execute
    res = self._query(query)
  File "D:\Python37\lib\site-packages\MySQLdb\cursors.py", line 312, in _query
    db.query(q)
  File "D:\Python37\lib\site-packages\MySQLdb\connections.py", line 224, in query
    _mysql.connection.query(self, query)
MySQLdb._exceptions.OperationalError: (1054, "Unknown column 'laserdata_start_id' in 'field list'")

The above exception was the direct cause of the following exception:

Traceback (most recent call last):
  File "D:\Python37\lib\site-packages\django\core\handlers\exception.py", line 34, in inner
    response = get_response(request)
  File "D:\Python37\lib\site-packages\django\core\handlers\base.py", line 115, in _get_response
    response = self.process_exception_by_middleware(e, request)
  File "D:\Python37\lib\site-packages\django\core\handlers\base.py", line 113, in _get_response
    response = wrapped_callback(request, *callback_args, **callback_kwargs)
  File "E:/1.chenbo/1-program/11-LAMDataServer/lamdataserver\LAMProcessData\views.py", line 2140, in lamprocessmission_CutRecords_by_Time
    _form_inst.save()
  File "D:\Python37\lib\site-packages\django\forms\models.py", line 458, in save
    self.instance.save()
  File "D:\Python37\lib\site-packages\django\db\models\base.py", line 741, in save
    force_update=force_update, update_fields=update_fields)
  File "D:\Python37\lib\site-packages\django\db\models\base.py", line 779, in save_base
    force_update, using, update_fields,
  File "D:\Python37\lib\site-packages\django\db\models\base.py", line 870, in _save_table
    result = self._do_insert(cls._base_manager, using, fields, update_pk, raw)
  File "D:\Python37\lib\site-packages\django\db\models\base.py", line 908, in _do_insert
    using=using, raw=raw)
  File "D:\Python37\lib\site-packages\django\db\models\manager.py", line 82, in manager_method
    return getattr(self.get_queryset(), name)(*args, **kwargs)
  File "D:\Python37\lib\site-packages\django\db\models\query.py", line 1186, in _insert
    return query.get_compiler(using=using).execute_sql(return_id)
  File "D:\Python37\lib\site-packages\django\db\models\sql\compiler.py", line 1332, in execute_sql
    cursor.execute(sql, params)
  File "D:\Python37\lib\site-packages\django\db\backends\utils.py", line 99, in execute
    return super().execute(sql, params)
  File "D:\Python37\lib\site-packages\django\db\backends\utils.py", line 67, in execute
    return self._execute_with_wrappers(sql, params, many=False, executor=self._execute)
  File "D:\Python37\lib\site-packages\django\db\backends\utils.py", line 76, in _execute_with_wrappers
    return executor(sql, params, many, context)
  File "D:\Python37\lib\site-packages\django\db\backends\utils.py", line 84, in _execute
    return self.cursor.execute(sql, params)
  File "D:\Python37\lib\site-packages\django\db\utils.py", line 89, in __exit__
    raise dj_exc_value.with_traceback(traceback) from exc_value
  File "D:\Python37\lib\site-packages\django\db\backends\utils.py", line 84, in _execute
    return self.cursor.execute(sql, params)
  File "D:\Python37\lib\site-packages\django\db\backends\mysql\base.py", line 71, in execute
    return self.cursor.execute(query, args)
  File "D:\Python37\lib\site-packages\MySQLdb\cursors.py", line 206, in execute
    res = self._query(query)
  File "D:\Python37\lib\site-packages\MySQLdb\cursors.py", line 312, in _query
    db.query(q)
  File "D:\Python37\lib\site-packages\MySQLdb\connections.py", line 224, in query
    _mysql.connection.query(self, query)
django.db.utils.OperationalError: (1054, "Unknown column 'laserdata_start_id' in 'field list'")
2019-12-08 Sun 14:13:59 autoreload.py run_with_reloader 578 - INFO - Watching for file changes with StatReloader
2019-12-08 Sun 14:17:17 autoreload.py run_with_reloader 578 - INFO - Watching for file changes with StatReloader
2019-12-08 Sun 14:18:24 autoreload.py trigger_reload 203 - INFO - E:\1.chenbo\1-program\11-LAMDataServer\lamdataserver\LAMProcessData\forms.py changed, reloading.
2019-12-08 Sun 14:18:27 autoreload.py run_with_reloader 578 - INFO - Watching for file changes with StatReloader
2019-12-08 Sun 14:22:56 log.py log_response 228 - ERROR - Internal Server Error: /LAMProcessData/ProcessRecords/LAMProcessMission/CutRecordsByTime/
Traceback (most recent call last):
  File "D:\Python37\lib\site-packages\django\template\base.py", line 470, in parse
    compile_func = self.tags[command]
KeyError: 'endif'

During handling of the above exception, another exception occurred:

Traceback (most recent call last):
  File "D:\Python37\lib\site-packages\django\core\handlers\exception.py", line 34, in inner
    response = get_response(request)
  File "D:\Python37\lib\site-packages\django\core\handlers\base.py", line 115, in _get_response
    response = self.process_exception_by_middleware(e, request)
  File "D:\Python37\lib\site-packages\django\core\handlers\base.py", line 113, in _get_response
    response = wrapped_callback(request, *callback_args, **callback_kwargs)
  File "E:/1.chenbo/1-program/11-LAMDataServer/lamdataserver\LAMProcessData\views.py", line 2159, in lamprocessmission_CutRecords_by_Time
    'Back_URL':'.'})
  File "D:\Python37\lib\site-packages\django\shortcuts.py", line 36, in render
    content = loader.render_to_string(template_name, context, request, using=using)
  File "D:\Python37\lib\site-packages\django\template\loader.py", line 61, in render_to_string
    template = get_template(template_name, using=using)
  File "D:\Python37\lib\site-packages\django\template\loader.py", line 15, in get_template
    return engine.get_template(template_name)
  File "D:\Python37\lib\site-packages\django\template\backends\django.py", line 34, in get_template
    return Template(self.engine.get_template(template_name), self)
  File "D:\Python37\lib\site-packages\django\template\engine.py", line 143, in get_template
    template, origin = self.find_template(template_name)
  File "D:\Python37\lib\site-packages\django\template\engine.py", line 125, in find_template
    template = loader.get_template(name, skip=skip)
  File "D:\Python37\lib\site-packages\django\template\loaders\base.py", line 30, in get_template
    contents, origin, origin.template_name, self.engine,
  File "D:\Python37\lib\site-packages\django\template\base.py", line 156, in __init__
    self.nodelist = self.compile_nodelist()
  File "D:\Python37\lib\site-packages\django\template\base.py", line 194, in compile_nodelist
    return parser.parse()
  File "D:\Python37\lib\site-packages\django\template\base.py", line 478, in parse
    raise self.error(token, e)
  File "D:\Python37\lib\site-packages\django\template\base.py", line 476, in parse
    compiled_result = compile_func(self, token)
  File "D:\Python37\lib\site-packages\django\template\loader_tags.py", line 266, in do_extends
    nodelist = parser.parse()
  File "D:\Python37\lib\site-packages\django\template\base.py", line 478, in parse
    raise self.error(token, e)
  File "D:\Python37\lib\site-packages\django\template\base.py", line 476, in parse
    compiled_result = compile_func(self, token)
  File "D:\Python37\lib\site-packages\django\template\loader_tags.py", line 209, in do_block
    nodelist = parser.parse(('endblock',))
  File "D:\Python37\lib\site-packages\django\template\base.py", line 472, in parse
    self.invalid_block_tag(token, command, parse_until)
  File "D:\Python37\lib\site-packages\django\template\base.py", line 528, in invalid_block_tag
    get_text_list(["'%s'" % p for p in parse_until], 'or'),
django.template.exceptions.TemplateSyntaxError: Invalid block tag on line 841: 'endif', expected 'endblock'. Did you forget to register or load this tag?
2019-12-08 Sun 14:23:06 log.py log_response 228 - ERROR - Internal Server Error: /LAMProcessData/ProcessRecords/LAMProcessMission/CutRecordsByTime/
Traceback (most recent call last):
  File "D:\Python37\lib\site-packages\django\template\base.py", line 470, in parse
    compile_func = self.tags[command]
KeyError: 'endif'

During handling of the above exception, another exception occurred:

Traceback (most recent call last):
  File "D:\Python37\lib\site-packages\django\core\handlers\exception.py", line 34, in inner
    response = get_response(request)
  File "D:\Python37\lib\site-packages\django\core\handlers\base.py", line 115, in _get_response
    response = self.process_exception_by_middleware(e, request)
  File "D:\Python37\lib\site-packages\django\core\handlers\base.py", line 113, in _get_response
    response = wrapped_callback(request, *callback_args, **callback_kwargs)
  File "E:/1.chenbo/1-program/11-LAMDataServer/lamdataserver\LAMProcessData\views.py", line 2159, in lamprocessmission_CutRecords_by_Time
    'Back_URL':'.'})
  File "D:\Python37\lib\site-packages\django\shortcuts.py", line 36, in render
    content = loader.render_to_string(template_name, context, request, using=using)
  File "D:\Python37\lib\site-packages\django\template\loader.py", line 61, in render_to_string
    template = get_template(template_name, using=using)
  File "D:\Python37\lib\site-packages\django\template\loader.py", line 15, in get_template
    return engine.get_template(template_name)
  File "D:\Python37\lib\site-packages\django\template\backends\django.py", line 34, in get_template
    return Template(self.engine.get_template(template_name), self)
  File "D:\Python37\lib\site-packages\django\template\engine.py", line 143, in get_template
    template, origin = self.find_template(template_name)
  File "D:\Python37\lib\site-packages\django\template\engine.py", line 125, in find_template
    template = loader.get_template(name, skip=skip)
  File "D:\Python37\lib\site-packages\django\template\loaders\base.py", line 30, in get_template
    contents, origin, origin.template_name, self.engine,
  File "D:\Python37\lib\site-packages\django\template\base.py", line 156, in __init__
    self.nodelist = self.compile_nodelist()
  File "D:\Python37\lib\site-packages\django\template\base.py", line 194, in compile_nodelist
    return parser.parse()
  File "D:\Python37\lib\site-packages\django\template\base.py", line 478, in parse
    raise self.error(token, e)
  File "D:\Python37\lib\site-packages\django\template\base.py", line 476, in parse
    compiled_result = compile_func(self, token)
  File "D:\Python37\lib\site-packages\django\template\loader_tags.py", line 266, in do_extends
    nodelist = parser.parse()
  File "D:\Python37\lib\site-packages\django\template\base.py", line 478, in parse
    raise self.error(token, e)
  File "D:\Python37\lib\site-packages\django\template\base.py", line 476, in parse
    compiled_result = compile_func(self, token)
  File "D:\Python37\lib\site-packages\django\template\loader_tags.py", line 209, in do_block
    nodelist = parser.parse(('endblock',))
  File "D:\Python37\lib\site-packages\django\template\base.py", line 472, in parse
    self.invalid_block_tag(token, command, parse_until)
  File "D:\Python37\lib\site-packages\django\template\base.py", line 528, in invalid_block_tag
    get_text_list(["'%s'" % p for p in parse_until], 'or'),
django.template.exceptions.TemplateSyntaxError: Invalid block tag on line 841: 'endif', expected 'endblock'. Did you forget to register or load this tag?
2019-12-08 Sun 14:23:44 log.py log_response 228 - ERROR - Internal Server Error: /LAMProcessData/ProcessRecords/LAMProcessMission/CutRecordsByTime/
Traceback (most recent call last):
  File "D:\Python37\lib\site-packages\django\template\base.py", line 470, in parse
    compile_func = self.tags[command]
KeyError: 'endif'

During handling of the above exception, another exception occurred:

Traceback (most recent call last):
  File "D:\Python37\lib\site-packages\django\core\handlers\exception.py", line 34, in inner
    response = get_response(request)
  File "D:\Python37\lib\site-packages\django\core\handlers\base.py", line 115, in _get_response
    response = self.process_exception_by_middleware(e, request)
  File "D:\Python37\lib\site-packages\django\core\handlers\base.py", line 113, in _get_response
    response = wrapped_callback(request, *callback_args, **callback_kwargs)
  File "E:/1.chenbo/1-program/11-LAMDataServer/lamdataserver\LAMProcessData\views.py", line 2159, in lamprocessmission_CutRecords_by_Time
    'Back_URL':'.'})
  File "D:\Python37\lib\site-packages\django\shortcuts.py", line 36, in render
    content = loader.render_to_string(template_name, context, request, using=using)
  File "D:\Python37\lib\site-packages\django\template\loader.py", line 61, in render_to_string
    template = get_template(template_name, using=using)
  File "D:\Python37\lib\site-packages\django\template\loader.py", line 15, in get_template
    return engine.get_template(template_name)
  File "D:\Python37\lib\site-packages\django\template\backends\django.py", line 34, in get_template
    return Template(self.engine.get_template(template_name), self)
  File "D:\Python37\lib\site-packages\django\template\engine.py", line 143, in get_template
    template, origin = self.find_template(template_name)
  File "D:\Python37\lib\site-packages\django\template\engine.py", line 125, in find_template
    template = loader.get_template(name, skip=skip)
  File "D:\Python37\lib\site-packages\django\template\loaders\base.py", line 30, in get_template
    contents, origin, origin.template_name, self.engine,
  File "D:\Python37\lib\site-packages\django\template\base.py", line 156, in __init__
    self.nodelist = self.compile_nodelist()
  File "D:\Python37\lib\site-packages\django\template\base.py", line 194, in compile_nodelist
    return parser.parse()
  File "D:\Python37\lib\site-packages\django\template\base.py", line 478, in parse
    raise self.error(token, e)
  File "D:\Python37\lib\site-packages\django\template\base.py", line 476, in parse
    compiled_result = compile_func(self, token)
  File "D:\Python37\lib\site-packages\django\template\loader_tags.py", line 266, in do_extends
    nodelist = parser.parse()
  File "D:\Python37\lib\site-packages\django\template\base.py", line 478, in parse
    raise self.error(token, e)
  File "D:\Python37\lib\site-packages\django\template\base.py", line 476, in parse
    compiled_result = compile_func(self, token)
  File "D:\Python37\lib\site-packages\django\template\loader_tags.py", line 209, in do_block
    nodelist = parser.parse(('endblock',))
  File "D:\Python37\lib\site-packages\django\template\base.py", line 472, in parse
    self.invalid_block_tag(token, command, parse_until)
  File "D:\Python37\lib\site-packages\django\template\base.py", line 528, in invalid_block_tag
    get_text_list(["'%s'" % p for p in parse_until], 'or'),
django.template.exceptions.TemplateSyntaxError: Invalid block tag on line 849: 'endif', expected 'endblock'. Did you forget to register or load this tag?
2019-12-08 Sun 14:24:37 query_views.py getcache 305 - DEBUG - getcache error, qset:(AND: ('work_section', <Worksection: 2号设备>), ('index_date_int', 20191123)), datatype:oxygen
2019-12-08 Sun 14:24:40 query_views.py setcache 326 - DEBUG - setcache error, qset:(AND: ('work_section', <Worksection: 2号设备>), ('index_date_int', 20191123)), datatype:oxygen
2019-12-08 Sun 14:24:40 query_views.py getcache 305 - DEBUG - getcache error, qset:(AND: ('work_section', <Worksection: 2号设备>), ('index_date_int', 20191123)), datatype:cncstatus
2019-12-08 Sun 14:25:07 query_views.py setcache 326 - DEBUG - setcache error, qset:(AND: ('work_section', <Worksection: 2号设备>), ('index_date_int', 20191123)), datatype:cncstatus
2019-12-08 Sun 14:25:07 query_views.py getcache 305 - DEBUG - getcache error, qset:(AND: ('work_section', <Worksection: 2号设备>), ('index_date_int', 20191124)), datatype:oxygen
2019-12-08 Sun 14:25:09 query_views.py setcache 326 - DEBUG - setcache error, qset:(AND: ('work_section', <Worksection: 2号设备>), ('index_date_int', 20191124)), datatype:oxygen
2019-12-08 Sun 14:25:09 query_views.py getcache 305 - DEBUG - getcache error, qset:(AND: ('work_section', <Worksection: 2号设备>), ('index_date_int', 20191124)), datatype:cncstatus
2019-12-08 Sun 14:25:32 query_views.py setcache 326 - DEBUG - setcache error, qset:(AND: ('work_section', <Worksection: 2号设备>), ('index_date_int', 20191124)), datatype:cncstatus
2019-12-08 Sun 14:25:34 query_views.py getcache 305 - DEBUG - getcache error, qset:(AND: ('work_section', <Worksection: 2号设备>), ('index_date_int', 20191128)), datatype:oxygen
2019-12-08 Sun 14:25:37 query_views.py setcache 326 - DEBUG - setcache error, qset:(AND: ('work_section', <Worksection: 2号设备>), ('index_date_int', 20191128)), datatype:oxygen
2019-12-08 Sun 14:25:37 query_views.py getcache 305 - DEBUG - getcache error, qset:(AND: ('work_section', <Worksection: 2号设备>), ('index_date_int', 20191128)), datatype:laser
2019-12-08 Sun 14:25:44 query_views.py setcache 326 - DEBUG - setcache error, qset:(AND: ('work_section', <Worksection: 2号设备>), ('index_date_int', 20191128)), datatype:laser
2019-12-08 Sun 14:25:44 query_views.py getcache 305 - DEBUG - getcache error, qset:(AND: ('work_section', <Worksection: 2号设备>), ('index_date_int', 20191128)), datatype:cncstatus
2019-12-08 Sun 14:26:09 query_views.py setcache 326 - DEBUG - setcache error, qset:(AND: ('work_section', <Worksection: 2号设备>), ('index_date_int', 20191128)), datatype:cncstatus
2019-12-08 Sun 14:26:09 query_views.py getcache 305 - DEBUG - getcache error, qset:(AND: ('work_section', <Worksection: 2号设备>), ('index_date_int', 20191129)), datatype:oxygen
2019-12-08 Sun 14:26:12 query_views.py setcache 326 - DEBUG - setcache error, qset:(AND: ('work_section', <Worksection: 2号设备>), ('index_date_int', 20191129)), datatype:oxygen
2019-12-08 Sun 14:26:12 query_views.py getcache 305 - DEBUG - getcache error, qset:(AND: ('work_section', <Worksection: 2号设备>), ('index_date_int', 20191129)), datatype:laser
2019-12-08 Sun 14:26:21 query_views.py setcache 326 - DEBUG - setcache error, qset:(AND: ('work_section', <Worksection: 2号设备>), ('index_date_int', 20191129)), datatype:laser
2019-12-08 Sun 14:26:21 query_views.py getcache 305 - DEBUG - getcache error, qset:(AND: ('work_section', <Worksection: 2号设备>), ('index_date_int', 20191129)), datatype:cncstatus
2019-12-08 Sun 14:26:46 query_views.py setcache 326 - DEBUG - setcache error, qset:(AND: ('work_section', <Worksection: 2号设备>), ('index_date_int', 20191129)), datatype:cncstatus
2019-12-08 Sun 14:26:46 query_views.py getcache 305 - DEBUG - getcache error, qset:(AND: ('work_section', <Worksection: 2号设备>), ('index_date_int', 20191130)), datatype:oxygen
2019-12-08 Sun 14:26:49 query_views.py setcache 326 - DEBUG - setcache error, qset:(AND: ('work_section', <Worksection: 2号设备>), ('index_date_int', 20191130)), datatype:oxygen
2019-12-08 Sun 14:26:49 query_views.py getcache 305 - DEBUG - getcache error, qset:(AND: ('work_section', <Worksection: 2号设备>), ('index_date_int', 20191130)), datatype:laser
2019-12-08 Sun 14:27:05 autoreload.py run_with_reloader 578 - INFO - Watching for file changes with StatReloader
2019-12-08 Sun 14:27:12 log.py log_response 228 - ERROR - Internal Server Error: /LAMProcessData/ProcessRecords/LAMProcessMission/CutRecordsByTime/
Traceback (most recent call last):
  File "D:\Python37\lib\site-packages\django\db\backends\utils.py", line 84, in _execute
    return self.cursor.execute(sql, params)
  File "D:\Python37\lib\site-packages\django\db\backends\mysql\base.py", line 71, in execute
    return self.cursor.execute(query, args)
  File "D:\Python37\lib\site-packages\MySQLdb\cursors.py", line 206, in execute
    res = self._query(query)
  File "D:\Python37\lib\site-packages\MySQLdb\cursors.py", line 312, in _query
    db.query(q)
  File "D:\Python37\lib\site-packages\MySQLdb\connections.py", line 224, in query
    _mysql.connection.query(self, query)
MySQLdb._exceptions.OperationalError: (1054, "Unknown column 'laserdata_start_id' in 'field list'")

The above exception was the direct cause of the following exception:

Traceback (most recent call last):
  File "D:\Python37\lib\site-packages\django\core\handlers\exception.py", line 34, in inner
    response = get_response(request)
  File "D:\Python37\lib\site-packages\django\core\handlers\base.py", line 115, in _get_response
    response = self.process_exception_by_middleware(e, request)
  File "D:\Python37\lib\site-packages\django\core\handlers\base.py", line 113, in _get_response
    response = wrapped_callback(request, *callback_args, **callback_kwargs)
  File "E:\1.chenbo\1-program\11-LAMDataServer\lamdataserver\LAMProcessData\views.py", line 2140, in lamprocessmission_CutRecords_by_Time
    _form_inst.save()
  File "D:\Python37\lib\site-packages\django\forms\models.py", line 458, in save
    self.instance.save()
  File "D:\Python37\lib\site-packages\django\db\models\base.py", line 741, in save
    force_update=force_update, update_fields=update_fields)
  File "D:\Python37\lib\site-packages\django\db\models\base.py", line 779, in save_base
    force_update, using, update_fields,
  File "D:\Python37\lib\site-packages\django\db\models\base.py", line 870, in _save_table
    result = self._do_insert(cls._base_manager, using, fields, update_pk, raw)
  File "D:\Python37\lib\site-packages\django\db\models\base.py", line 908, in _do_insert
    using=using, raw=raw)
  File "D:\Python37\lib\site-packages\django\db\models\manager.py", line 82, in manager_method
    return getattr(self.get_queryset(), name)(*args, **kwargs)
  File "D:\Python37\lib\site-packages\django\db\models\query.py", line 1186, in _insert
    return query.get_compiler(using=using).execute_sql(return_id)
  File "D:\Python37\lib\site-packages\django\db\models\sql\compiler.py", line 1332, in execute_sql
    cursor.execute(sql, params)
  File "D:\Python37\lib\site-packages\django\db\backends\utils.py", line 99, in execute
    return super().execute(sql, params)
  File "D:\Python37\lib\site-packages\django\db\backends\utils.py", line 67, in execute
    return self._execute_with_wrappers(sql, params, many=False, executor=self._execute)
  File "D:\Python37\lib\site-packages\django\db\backends\utils.py", line 76, in _execute_with_wrappers
    return executor(sql, params, many, context)
  File "D:\Python37\lib\site-packages\django\db\backends\utils.py", line 84, in _execute
    return self.cursor.execute(sql, params)
  File "D:\Python37\lib\site-packages\django\db\utils.py", line 89, in __exit__
    raise dj_exc_value.with_traceback(traceback) from exc_value
  File "D:\Python37\lib\site-packages\django\db\backends\utils.py", line 84, in _execute
    return self.cursor.execute(sql, params)
  File "D:\Python37\lib\site-packages\django\db\backends\mysql\base.py", line 71, in execute
    return self.cursor.execute(query, args)
  File "D:\Python37\lib\site-packages\MySQLdb\cursors.py", line 206, in execute
    res = self._query(query)
  File "D:\Python37\lib\site-packages\MySQLdb\cursors.py", line 312, in _query
    db.query(q)
  File "D:\Python37\lib\site-packages\MySQLdb\connections.py", line 224, in query
    _mysql.connection.query(self, query)
django.db.utils.OperationalError: (1054, "Unknown column 'laserdata_start_id' in 'field list'")
2019-12-08 Sun 14:28:48 autoreload.py run_with_reloader 578 - INFO - Watching for file changes with StatReloader
2019-12-08 Sun 14:30:35 autoreload.py run_with_reloader 578 - INFO - Watching for file changes with StatReloader
2019-12-08 Sun 14:30:43 log.py log_response 228 - ERROR - Internal Server Error: /LAMProcessData/ProcessRecords/LAMProcessMission/CutRecordsByTime/
Traceback (most recent call last):
  File "D:\Python37\lib\site-packages\django\db\backends\utils.py", line 84, in _execute
    return self.cursor.execute(sql, params)
  File "D:\Python37\lib\site-packages\django\db\backends\mysql\base.py", line 71, in execute
    return self.cursor.execute(query, args)
  File "D:\Python37\lib\site-packages\MySQLdb\cursors.py", line 206, in execute
    res = self._query(query)
  File "D:\Python37\lib\site-packages\MySQLdb\cursors.py", line 312, in _query
    db.query(q)
  File "D:\Python37\lib\site-packages\MySQLdb\connections.py", line 224, in query
    _mysql.connection.query(self, query)
MySQLdb._exceptions.OperationalError: (1054, "Unknown column 'laserdata_start_id' in 'field list'")

The above exception was the direct cause of the following exception:

Traceback (most recent call last):
  File "D:\Python37\lib\site-packages\django\core\handlers\exception.py", line 34, in inner
    response = get_response(request)
  File "D:\Python37\lib\site-packages\django\core\handlers\base.py", line 115, in _get_response
    response = self.process_exception_by_middleware(e, request)
  File "D:\Python37\lib\site-packages\django\core\handlers\base.py", line 113, in _get_response
    response = wrapped_callback(request, *callback_args, **callback_kwargs)
  File "E:\1.chenbo\1-program\11-LAMDataServer\lamdataserver\LAMProcessData\views.py", line 2140, in lamprocessmission_CutRecords_by_Time
    _form_inst.save()
  File "D:\Python37\lib\site-packages\django\forms\models.py", line 458, in save
    self.instance.save()
  File "D:\Python37\lib\site-packages\django\db\models\base.py", line 741, in save
    force_update=force_update, update_fields=update_fields)
  File "D:\Python37\lib\site-packages\django\db\models\base.py", line 779, in save_base
    force_update, using, update_fields,
  File "D:\Python37\lib\site-packages\django\db\models\base.py", line 870, in _save_table
    result = self._do_insert(cls._base_manager, using, fields, update_pk, raw)
  File "D:\Python37\lib\site-packages\django\db\models\base.py", line 908, in _do_insert
    using=using, raw=raw)
  File "D:\Python37\lib\site-packages\django\db\models\manager.py", line 82, in manager_method
    return getattr(self.get_queryset(), name)(*args, **kwargs)
  File "D:\Python37\lib\site-packages\django\db\models\query.py", line 1186, in _insert
    return query.get_compiler(using=using).execute_sql(return_id)
  File "D:\Python37\lib\site-packages\django\db\models\sql\compiler.py", line 1332, in execute_sql
    cursor.execute(sql, params)
  File "D:\Python37\lib\site-packages\django\db\backends\utils.py", line 99, in execute
    return super().execute(sql, params)
  File "D:\Python37\lib\site-packages\django\db\backends\utils.py", line 67, in execute
    return self._execute_with_wrappers(sql, params, many=False, executor=self._execute)
  File "D:\Python37\lib\site-packages\django\db\backends\utils.py", line 76, in _execute_with_wrappers
    return executor(sql, params, many, context)
  File "D:\Python37\lib\site-packages\django\db\backends\utils.py", line 84, in _execute
    return self.cursor.execute(sql, params)
  File "D:\Python37\lib\site-packages\django\db\utils.py", line 89, in __exit__
    raise dj_exc_value.with_traceback(traceback) from exc_value
  File "D:\Python37\lib\site-packages\django\db\backends\utils.py", line 84, in _execute
    return self.cursor.execute(sql, params)
  File "D:\Python37\lib\site-packages\django\db\backends\mysql\base.py", line 71, in execute
    return self.cursor.execute(query, args)
  File "D:\Python37\lib\site-packages\MySQLdb\cursors.py", line 206, in execute
    res = self._query(query)
  File "D:\Python37\lib\site-packages\MySQLdb\cursors.py", line 312, in _query
    db.query(q)
  File "D:\Python37\lib\site-packages\MySQLdb\connections.py", line 224, in query
    _mysql.connection.query(self, query)
django.db.utils.OperationalError: (1054, "Unknown column 'laserdata_start_id' in 'field list'")
2019-12-08 Sun 14:30:55 autoreload.py run_with_reloader 578 - INFO - Watching for file changes with StatReloader
2019-12-08 Sun 14:53:43 autoreload.py run_with_reloader 578 - INFO - Watching for file changes with StatReloader
2019-12-08 Sun 14:55:13 autoreload.py trigger_reload 203 - INFO - E:\1.chenbo\1-program\11-LAMDataServer\lamdataserver\LAMProcessData\forms.py changed, reloading.
2019-12-08 Sun 14:55:16 autoreload.py run_with_reloader 578 - INFO - Watching for file changes with StatReloader
2019-12-08 Sun 14:55:56 autoreload.py run_with_reloader 578 - INFO - Watching for file changes with StatReloader
2019-12-08 Sun 14:57:37 autoreload.py run_with_reloader 578 - INFO - Watching for file changes with StatReloader
2019-12-08 Sun 15:02:25 autoreload.py trigger_reload 203 - INFO - E:\1.chenbo\1-program\11-LAMDataServer\lamdataserver\LAMProcessData\forms.py changed, reloading.
2019-12-08 Sun 15:02:28 autoreload.py run_with_reloader 578 - INFO - Watching for file changes with StatReloader
2019-12-08 Sun 15:02:33 autoreload.py run_with_reloader 578 - INFO - Watching for file changes with StatReloader
2019-12-08 Sun 15:04:16 autoreload.py run_with_reloader 578 - INFO - Watching for file changes with StatReloader
2019-12-08 Sun 15:07:44 autoreload.py trigger_reload 203 - INFO - E:\1.chenbo\1-program\11-LAMDataServer\lamdataserver\LAMProcessData\forms.py changed, reloading.
2019-12-08 Sun 15:07:47 autoreload.py run_with_reloader 578 - INFO - Watching for file changes with StatReloader
2019-12-08 Sun 15:08:02 autoreload.py trigger_reload 203 - INFO - E:\1.chenbo\1-program\11-LAMDataServer\lamdataserver\LAMProcessData\forms.py changed, reloading.
2019-12-08 Sun 15:08:10 autoreload.py run_with_reloader 578 - INFO - Watching for file changes with StatReloader
2019-12-08 Sun 15:08:42 autoreload.py trigger_reload 203 - INFO - E:\1.chenbo\1-program\11-LAMDataServer\lamdataserver\LAMProcessData\forms.py changed, reloading.
2019-12-08 Sun 15:08:49 autoreload.py run_with_reloader 578 - INFO - Watching for file changes with StatReloader
2019-12-08 Sun 15:09:21 autoreload.py trigger_reload 203 - INFO - E:\1.chenbo\1-program\11-LAMDataServer\lamdataserver\LAMProcessData\forms.py changed, reloading.
2019-12-08 Sun 15:09:28 autoreload.py run_with_reloader 578 - INFO - Watching for file changes with StatReloader
2019-12-08 Sun 15:13:33 autoreload.py run_with_reloader 578 - INFO - Watching for file changes with StatReloader
2019-12-08 Sun 15:14:56 autoreload.py trigger_reload 203 - INFO - E:\1.chenbo\1-program\11-LAMDataServer\lamdataserver\LAMProcessData\forms.py changed, reloading.
2019-12-08 Sun 15:14:58 autoreload.py run_with_reloader 578 - INFO - Watching for file changes with StatReloader
2019-12-08 Sun 15:15:12 autoreload.py run_with_reloader 578 - INFO - Watching for file changes with StatReloader
2019-12-08 Sun 15:16:23 autoreload.py run_with_reloader 578 - INFO - Watching for file changes with StatReloader
2019-12-08 Sun 15:18:19 autoreload.py trigger_reload 203 - INFO - E:\1.chenbo\1-program\11-LAMDataServer\lamdataserver\LAMProcessData\forms.py changed, reloading.
2019-12-08 Sun 15:18:21 autoreload.py run_with_reloader 578 - INFO - Watching for file changes with StatReloader
2019-12-08 Sun 15:18:52 autoreload.py run_with_reloader 578 - INFO - Watching for file changes with StatReloader
2019-12-08 Sun 15:20:55 autoreload.py trigger_reload 203 - INFO - E:\1.chenbo\1-program\11-LAMDataServer\lamdataserver\LAMProcessData\views.py changed, reloading.
2019-12-08 Sun 15:20:59 autoreload.py run_with_reloader 578 - INFO - Watching for file changes with StatReloader
2019-12-08 Sun 15:21:37 autoreload.py trigger_reload 203 - INFO - E:\1.chenbo\1-program\11-LAMDataServer\lamdataserver\LAMProcessData\views.py changed, reloading.
2019-12-08 Sun 15:21:46 autoreload.py run_with_reloader 578 - INFO - Watching for file changes with StatReloader
2019-12-08 Sun 15:22:10 log.py log_response 228 - ERROR - Internal Server Error: /LAMProcessData/ProcessRecords/LAMProcessMission/CutRecordsByTime/
Traceback (most recent call last):
  File "D:\Python37\lib\site-packages\django\core\handlers\exception.py", line 34, in inner
    response = get_response(request)
  File "D:\Python37\lib\site-packages\django\core\handlers\base.py", line 115, in _get_response
    response = self.process_exception_by_middleware(e, request)
  File "D:\Python37\lib\site-packages\django\core\handlers\base.py", line 113, in _get_response
    response = wrapped_callback(request, *callback_args, **callback_kwargs)
  File "E:/1.chenbo/1-program/11-LAMDataServer/lamdataserver\LAMProcessData\views.py", line 2136, in lamprocessmission_CutRecords_by_Time
    _form_inst.data['process_start_time']=_form_inst.data['process_start_time'].replace('T',' ')
  File "D:\Python37\lib\site-packages\django\http\request.py", line 458, in __setitem__
    self._assert_mutable()
  File "D:\Python37\lib\site-packages\django\http\request.py", line 455, in _assert_mutable
    raise AttributeError("This QueryDict instance is immutable")
AttributeError: This QueryDict instance is immutable
2019-12-08 Sun 15:23:58 autoreload.py trigger_reload 203 - INFO - E:\1.chenbo\1-program\11-LAMDataServer\lamdataserver\LAMProcessData\views.py changed, reloading.
2019-12-08 Sun 15:24:01 autoreload.py run_with_reloader 578 - INFO - Watching for file changes with StatReloader
2019-12-08 Sun 15:24:22 log.py log_response 228 - ERROR - Internal Server Error: /LAMProcessData/ProcessRecords/LAMProcessMission/CutRecordsByTime/
Traceback (most recent call last):
  File "D:\Python37\lib\site-packages\django\core\handlers\exception.py", line 34, in inner
    response = get_response(request)
  File "D:\Python37\lib\site-packages\django\core\handlers\base.py", line 115, in _get_response
    response = self.process_exception_by_middleware(e, request)
  File "D:\Python37\lib\site-packages\django\core\handlers\base.py", line 113, in _get_response
    response = wrapped_callback(request, *callback_args, **callback_kwargs)
  File "E:/1.chenbo/1-program/11-LAMDataServer/lamdataserver\LAMProcessData\views.py", line 2135, in lamprocessmission_CutRecords_by_Time
    _form_inst = LAMProcessMission_TimeCutRecordsForm(request.POST).copy()
AttributeError: 'LAMProcessMission_TimeCutRecordsForm' object has no attribute 'copy'
2019-12-08 Sun 15:24:56 autoreload.py trigger_reload 203 - INFO - E:\1.chenbo\1-program\11-LAMDataServer\lamdataserver\LAMProcessData\views.py changed, reloading.
2019-12-08 Sun 15:25:04 autoreload.py run_with_reloader 578 - INFO - Watching for file changes with StatReloader
2019-12-08 Sun 15:25:49 log.py log_response 228 - ERROR - Internal Server Error: /LAMProcessData/ProcessRecords/LAMProcessMission/CutRecordsByTime/
Traceback (most recent call last):
  File "D:\Python37\lib\site-packages\django\db\backends\utils.py", line 84, in _execute
    return self.cursor.execute(sql, params)
  File "D:\Python37\lib\site-packages\django\db\backends\mysql\base.py", line 71, in execute
    return self.cursor.execute(query, args)
  File "D:\Python37\lib\site-packages\MySQLdb\cursors.py", line 206, in execute
    res = self._query(query)
  File "D:\Python37\lib\site-packages\MySQLdb\cursors.py", line 312, in _query
    db.query(q)
  File "D:\Python37\lib\site-packages\MySQLdb\connections.py", line 224, in query
    _mysql.connection.query(self, query)
MySQLdb._exceptions.OperationalError: (1054, "Unknown column 'laserdata_start_id' in 'field list'")

The above exception was the direct cause of the following exception:

Traceback (most recent call last):
  File "D:\Python37\lib\site-packages\django\core\handlers\exception.py", line 34, in inner
    response = get_response(request)
  File "D:\Python37\lib\site-packages\django\core\handlers\base.py", line 115, in _get_response
    response = self.process_exception_by_middleware(e, request)
  File "D:\Python37\lib\site-packages\django\core\handlers\base.py", line 113, in _get_response
    response = wrapped_callback(request, *callback_args, **callback_kwargs)
  File "E:/1.chenbo/1-program/11-LAMDataServer/lamdataserver\LAMProcessData\views.py", line 2142, in lamprocessmission_CutRecords_by_Time
    _form_inst.save()
  File "D:\Python37\lib\site-packages\django\forms\models.py", line 458, in save
    self.instance.save()
  File "D:\Python37\lib\site-packages\django\db\models\base.py", line 741, in save
    force_update=force_update, update_fields=update_fields)
  File "D:\Python37\lib\site-packages\django\db\models\base.py", line 779, in save_base
    force_update, using, update_fields,
  File "D:\Python37\lib\site-packages\django\db\models\base.py", line 870, in _save_table
    result = self._do_insert(cls._base_manager, using, fields, update_pk, raw)
  File "D:\Python37\lib\site-packages\django\db\models\base.py", line 908, in _do_insert
    using=using, raw=raw)
  File "D:\Python37\lib\site-packages\django\db\models\manager.py", line 82, in manager_method
    return getattr(self.get_queryset(), name)(*args, **kwargs)
  File "D:\Python37\lib\site-packages\django\db\models\query.py", line 1186, in _insert
    return query.get_compiler(using=using).execute_sql(return_id)
  File "D:\Python37\lib\site-packages\django\db\models\sql\compiler.py", line 1332, in execute_sql
    cursor.execute(sql, params)
  File "D:\Python37\lib\site-packages\django\db\backends\utils.py", line 99, in execute
    return super().execute(sql, params)
  File "D:\Python37\lib\site-packages\django\db\backends\utils.py", line 67, in execute
    return self._execute_with_wrappers(sql, params, many=False, executor=self._execute)
  File "D:\Python37\lib\site-packages\django\db\backends\utils.py", line 76, in _execute_with_wrappers
    return executor(sql, params, many, context)
  File "D:\Python37\lib\site-packages\django\db\backends\utils.py", line 84, in _execute
    return self.cursor.execute(sql, params)
  File "D:\Python37\lib\site-packages\django\db\utils.py", line 89, in __exit__
    raise dj_exc_value.with_traceback(traceback) from exc_value
  File "D:\Python37\lib\site-packages\django\db\backends\utils.py", line 84, in _execute
    return self.cursor.execute(sql, params)
  File "D:\Python37\lib\site-packages\django\db\backends\mysql\base.py", line 71, in execute
    return self.cursor.execute(query, args)
  File "D:\Python37\lib\site-packages\MySQLdb\cursors.py", line 206, in execute
    res = self._query(query)
  File "D:\Python37\lib\site-packages\MySQLdb\cursors.py", line 312, in _query
    db.query(q)
  File "D:\Python37\lib\site-packages\MySQLdb\connections.py", line 224, in query
    _mysql.connection.query(self, query)
django.db.utils.OperationalError: (1054, "Unknown column 'laserdata_start_id' in 'field list'")
2019-12-08 Sun 15:26:33 autoreload.py trigger_reload 203 - INFO - E:\1.chenbo\1-program\11-LAMDataServer\lamdataserver\LAMProcessData\views.py changed, reloading.
2019-12-08 Sun 15:26:35 autoreload.py run_with_reloader 578 - INFO - Watching for file changes with StatReloader
2019-12-08 Sun 15:28:13 autoreload.py run_with_reloader 578 - INFO - Watching for file changes with StatReloader
2019-12-08 Sun 15:29:28 autoreload.py trigger_reload 203 - INFO - E:\1.chenbo\1-program\11-LAMDataServer\lamdataserver\LAMProcessData\views.py changed, reloading.
2019-12-08 Sun 15:29:31 autoreload.py run_with_reloader 578 - INFO - Watching for file changes with StatReloader
2019-12-08 Sun 15:34:04 autoreload.py trigger_reload 203 - INFO - E:\1.chenbo\1-program\11-LAMDataServer\lamdataserver\LAMProcessData\views.py changed, reloading.
2019-12-08 Sun 15:34:06 autoreload.py run_with_reloader 578 - INFO - Watching for file changes with StatReloader
2019-12-08 Sun 15:34:11 log.py log_response 228 - WARNING - Not Found: /favicon.ico
2019-12-08 Sun 15:40:27 autoreload.py trigger_reload 203 - INFO - E:\1.chenbo\1-program\11-LAMDataServer\lamdataserver\LAMProcessData\views.py changed, reloading.
2019-12-08 Sun 15:40:31 autoreload.py run_with_reloader 578 - INFO - Watching for file changes with StatReloader
2019-12-08 Sun 15:40:43 autoreload.py trigger_reload 203 - INFO - E:\1.chenbo\1-program\11-LAMDataServer\lamdataserver\LAMProcessData\views.py changed, reloading.
2019-12-08 Sun 15:40:46 autoreload.py run_with_reloader 578 - INFO - Watching for file changes with StatReloader
2019-12-08 Sun 15:41:44 autoreload.py trigger_reload 203 - INFO - E:\1.chenbo\1-program\11-LAMDataServer\lamdataserver\LAMProcessData\views.py changed, reloading.
2019-12-08 Sun 15:41:46 autoreload.py run_with_reloader 578 - INFO - Watching for file changes with StatReloader
2019-12-08 Sun 15:42:34 autoreload.py trigger_reload 203 - INFO - E:\1.chenbo\1-program\11-LAMDataServer\lamdataserver\LAMProcessData\views.py changed, reloading.
2019-12-08 Sun 15:42:37 autoreload.py run_with_reloader 578 - INFO - Watching for file changes with StatReloader
2019-12-08 Sun 15:44:15 autoreload.py run_with_reloader 578 - INFO - Watching for file changes with StatReloader
2019-12-08 Sun 15:44:31 autoreload.py run_with_reloader 578 - INFO - Watching for file changes with StatReloader
2019-12-08 Sun 15:44:38 log.py log_response 228 - WARNING - Not Found: /LAMProcessData/QueryData/PreviewTable/LAMTechniqueInstruction//
2019-12-08 Sun 15:45:23 autoreload.py trigger_reload 203 - INFO - E:\1.chenbo\1-program\11-LAMDataServer\lamdataserver\LAMProcessData\views.py changed, reloading.
2019-12-08 Sun 15:45:25 autoreload.py run_with_reloader 578 - INFO - Watching for file changes with StatReloader
2019-12-08 Sun 15:46:40 autoreload.py run_with_reloader 578 - INFO - Watching for file changes with StatReloader
2019-12-08 Sun 16:06:03 autoreload.py run_with_reloader 578 - INFO - Watching for file changes with StatReloader
2019-12-08 Sun 16:06:49 autoreload.py run_with_reloader 578 - INFO - Watching for file changes with StatReloader
2019-12-08 Sun 16:09:04 log.py log_response 228 - ERROR - Internal Server Error: /LAMProcessData/ProcessRecords/LAMProcessMission/CutRecordsByTime/
Traceback (most recent call last):
  File "D:\Python37\lib\site-packages\django\db\backends\utils.py", line 84, in _execute
    return self.cursor.execute(sql, params)
  File "D:\Python37\lib\site-packages\django\db\backends\mysql\base.py", line 71, in execute
    return self.cursor.execute(query, args)
  File "D:\Python37\lib\site-packages\MySQLdb\cursors.py", line 206, in execute
    res = self._query(query)
  File "D:\Python37\lib\site-packages\MySQLdb\cursors.py", line 312, in _query
    db.query(q)
  File "D:\Python37\lib\site-packages\MySQLdb\connections.py", line 224, in query
    _mysql.connection.query(self, query)
MySQLdb._exceptions.OperationalError: (1054, "Unknown column 'LAMProcessData_process_mission_timecut.laserdata_start_id' in 'field list'")

The above exception was the direct cause of the following exception:

Traceback (most recent call last):
  File "E:\1.chenbo\1-program\11-LAMDataServer\lamdataserver\LAMProcessData\views.py", line 2140, in lamprocessmission_CutRecords_by_Time
    _model_inst = Process_Mission_timecut.objects.get(process_mission=mission)
  File "D:\Python37\lib\site-packages\django\db\models\manager.py", line 82, in manager_method
    return getattr(self.get_queryset(), name)(*args, **kwargs)
  File "D:\Python37\lib\site-packages\django\db\models\query.py", line 402, in get
    num = len(clone)
  File "D:\Python37\lib\site-packages\django\db\models\query.py", line 256, in __len__
    self._fetch_all()
  File "D:\Python37\lib\site-packages\django\db\models\query.py", line 1242, in _fetch_all
    self._result_cache = list(self._iterable_class(self))
  File "D:\Python37\lib\site-packages\django\db\models\query.py", line 55, in __iter__
    results = compiler.execute_sql(chunked_fetch=self.chunked_fetch, chunk_size=self.chunk_size)
  File "D:\Python37\lib\site-packages\django\db\models\sql\compiler.py", line 1097, in execute_sql
    cursor.execute(sql, params)
  File "D:\Python37\lib\site-packages\django\db\backends\utils.py", line 99, in execute
    return super().execute(sql, params)
  File "D:\Python37\lib\site-packages\django\db\backends\utils.py", line 67, in execute
    return self._execute_with_wrappers(sql, params, many=False, executor=self._execute)
  File "D:\Python37\lib\site-packages\django\db\backends\utils.py", line 76, in _execute_with_wrappers
    return executor(sql, params, many, context)
  File "D:\Python37\lib\site-packages\django\db\backends\utils.py", line 84, in _execute
    return self.cursor.execute(sql, params)
  File "D:\Python37\lib\site-packages\django\db\utils.py", line 89, in __exit__
    raise dj_exc_value.with_traceback(traceback) from exc_value
  File "D:\Python37\lib\site-packages\django\db\backends\utils.py", line 84, in _execute
    return self.cursor.execute(sql, params)
  File "D:\Python37\lib\site-packages\django\db\backends\mysql\base.py", line 71, in execute
    return self.cursor.execute(query, args)
  File "D:\Python37\lib\site-packages\MySQLdb\cursors.py", line 206, in execute
    res = self._query(query)
  File "D:\Python37\lib\site-packages\MySQLdb\cursors.py", line 312, in _query
    db.query(q)
  File "D:\Python37\lib\site-packages\MySQLdb\connections.py", line 224, in query
    _mysql.connection.query(self, query)
django.db.utils.OperationalError: (1054, "Unknown column 'LAMProcessData_process_mission_timecut.laserdata_start_id' in 'field list'")

During handling of the above exception, another exception occurred:

Traceback (most recent call last):
  File "D:\Python37\lib\site-packages\django\db\backends\utils.py", line 84, in _execute
    return self.cursor.execute(sql, params)
  File "D:\Python37\lib\site-packages\django\db\backends\mysql\base.py", line 71, in execute
    return self.cursor.execute(query, args)
  File "D:\Python37\lib\site-packages\MySQLdb\cursors.py", line 206, in execute
    res = self._query(query)
  File "D:\Python37\lib\site-packages\MySQLdb\cursors.py", line 312, in _query
    db.query(q)
  File "D:\Python37\lib\site-packages\MySQLdb\connections.py", line 224, in query
    _mysql.connection.query(self, query)
MySQLdb._exceptions.OperationalError: (1054, "Unknown column 'laserdata_start_id' in 'field list'")

The above exception was the direct cause of the following exception:

Traceback (most recent call last):
  File "D:\Python37\lib\site-packages\django\core\handlers\exception.py", line 34, in inner
    response = get_response(request)
  File "D:\Python37\lib\site-packages\django\core\handlers\base.py", line 115, in _get_response
    response = self.process_exception_by_middleware(e, request)
  File "D:\Python37\lib\site-packages\django\core\handlers\base.py", line 113, in _get_response
    response = wrapped_callback(request, *callback_args, **callback_kwargs)
  File "E:\1.chenbo\1-program\11-LAMDataServer\lamdataserver\LAMProcessData\views.py", line 2144, in lamprocessmission_CutRecords_by_Time
    _model_inst.save()
  File "D:\Python37\lib\site-packages\django\db\models\base.py", line 741, in save
    force_update=force_update, update_fields=update_fields)
  File "D:\Python37\lib\site-packages\django\db\models\base.py", line 779, in save_base
    force_update, using, update_fields,
  File "D:\Python37\lib\site-packages\django\db\models\base.py", line 870, in _save_table
    result = self._do_insert(cls._base_manager, using, fields, update_pk, raw)
  File "D:\Python37\lib\site-packages\django\db\models\base.py", line 908, in _do_insert
    using=using, raw=raw)
  File "D:\Python37\lib\site-packages\django\db\models\manager.py", line 82, in manager_method
    return getattr(self.get_queryset(), name)(*args, **kwargs)
  File "D:\Python37\lib\site-packages\django\db\models\query.py", line 1186, in _insert
    return query.get_compiler(using=using).execute_sql(return_id)
  File "D:\Python37\lib\site-packages\django\db\models\sql\compiler.py", line 1332, in execute_sql
    cursor.execute(sql, params)
  File "D:\Python37\lib\site-packages\django\db\backends\utils.py", line 99, in execute
    return super().execute(sql, params)
  File "D:\Python37\lib\site-packages\django\db\backends\utils.py", line 67, in execute
    return self._execute_with_wrappers(sql, params, many=False, executor=self._execute)
  File "D:\Python37\lib\site-packages\django\db\backends\utils.py", line 76, in _execute_with_wrappers
    return executor(sql, params, many, context)
  File "D:\Python37\lib\site-packages\django\db\backends\utils.py", line 84, in _execute
    return self.cursor.execute(sql, params)
  File "D:\Python37\lib\site-packages\django\db\utils.py", line 89, in __exit__
    raise dj_exc_value.with_traceback(traceback) from exc_value
  File "D:\Python37\lib\site-packages\django\db\backends\utils.py", line 84, in _execute
    return self.cursor.execute(sql, params)
  File "D:\Python37\lib\site-packages\django\db\backends\mysql\base.py", line 71, in execute
    return self.cursor.execute(query, args)
  File "D:\Python37\lib\site-packages\MySQLdb\cursors.py", line 206, in execute
    res = self._query(query)
  File "D:\Python37\lib\site-packages\MySQLdb\cursors.py", line 312, in _query
    db.query(q)
  File "D:\Python37\lib\site-packages\MySQLdb\connections.py", line 224, in query
    _mysql.connection.query(self, query)
django.db.utils.OperationalError: (1054, "Unknown column 'laserdata_start_id' in 'field list'")
2019-12-08 Sun 16:09:22 autoreload.py run_with_reloader 578 - INFO - Watching for file changes with StatReloader
2019-12-08 Sun 16:09:29 log.py log_response 228 - ERROR - Internal Server Error: /LAMProcessData/ProcessRecords/LAMProcessMission/CutRecordsByTime/
Traceback (most recent call last):
  File "D:\Python37\lib\site-packages\django\db\backends\utils.py", line 84, in _execute
    return self.cursor.execute(sql, params)
  File "D:\Python37\lib\site-packages\django\db\backends\mysql\base.py", line 71, in execute
    return self.cursor.execute(query, args)
  File "D:\Python37\lib\site-packages\MySQLdb\cursors.py", line 206, in execute
    res = self._query(query)
  File "D:\Python37\lib\site-packages\MySQLdb\cursors.py", line 312, in _query
    db.query(q)
  File "D:\Python37\lib\site-packages\MySQLdb\connections.py", line 224, in query
    _mysql.connection.query(self, query)
MySQLdb._exceptions.OperationalError: (1054, "Unknown column 'LAMProcessData_process_mission_timecut.laserdata_start_id' in 'field list'")

The above exception was the direct cause of the following exception:

Traceback (most recent call last):
  File "E:/1.chenbo/1-program/11-LAMDataServer/lamdataserver\LAMProcessData\views.py", line 2140, in lamprocessmission_CutRecords_by_Time
    _model_inst = Process_Mission_timecut.objects.get(process_mission=mission)
  File "D:\Python37\lib\site-packages\django\db\models\manager.py", line 82, in manager_method
    return getattr(self.get_queryset(), name)(*args, **kwargs)
  File "D:\Python37\lib\site-packages\django\db\models\query.py", line 402, in get
    num = len(clone)
  File "D:\Python37\lib\site-packages\django\db\models\query.py", line 256, in __len__
    self._fetch_all()
  File "D:\Python37\lib\site-packages\django\db\models\query.py", line 1242, in _fetch_all
    self._result_cache = list(self._iterable_class(self))
  File "D:\Python37\lib\site-packages\django\db\models\query.py", line 55, in __iter__
    results = compiler.execute_sql(chunked_fetch=self.chunked_fetch, chunk_size=self.chunk_size)
  File "D:\Python37\lib\site-packages\django\db\models\sql\compiler.py", line 1097, in execute_sql
    cursor.execute(sql, params)
  File "D:\Python37\lib\site-packages\django\db\backends\utils.py", line 99, in execute
    return super().execute(sql, params)
  File "D:\Python37\lib\site-packages\django\db\backends\utils.py", line 67, in execute
    return self._execute_with_wrappers(sql, params, many=False, executor=self._execute)
  File "D:\Python37\lib\site-packages\django\db\backends\utils.py", line 76, in _execute_with_wrappers
    return executor(sql, params, many, context)
  File "D:\Python37\lib\site-packages\django\db\backends\utils.py", line 84, in _execute
    return self.cursor.execute(sql, params)
  File "D:\Python37\lib\site-packages\django\db\utils.py", line 89, in __exit__
    raise dj_exc_value.with_traceback(traceback) from exc_value
  File "D:\Python37\lib\site-packages\django\db\backends\utils.py", line 84, in _execute
    return self.cursor.execute(sql, params)
  File "D:\Python37\lib\site-packages\django\db\backends\mysql\base.py", line 71, in execute
    return self.cursor.execute(query, args)
  File "D:\Python37\lib\site-packages\MySQLdb\cursors.py", line 206, in execute
    res = self._query(query)
  File "D:\Python37\lib\site-packages\MySQLdb\cursors.py", line 312, in _query
    db.query(q)
  File "D:\Python37\lib\site-packages\MySQLdb\connections.py", line 224, in query
    _mysql.connection.query(self, query)
django.db.utils.OperationalError: (1054, "Unknown column 'LAMProcessData_process_mission_timecut.laserdata_start_id' in 'field list'")

During handling of the above exception, another exception occurred:

Traceback (most recent call last):
  File "D:\Python37\lib\site-packages\django\db\backends\utils.py", line 84, in _execute
    return self.cursor.execute(sql, params)
  File "D:\Python37\lib\site-packages\django\db\backends\mysql\base.py", line 71, in execute
    return self.cursor.execute(query, args)
  File "D:\Python37\lib\site-packages\MySQLdb\cursors.py", line 206, in execute
    res = self._query(query)
  File "D:\Python37\lib\site-packages\MySQLdb\cursors.py", line 312, in _query
    db.query(q)
  File "D:\Python37\lib\site-packages\MySQLdb\connections.py", line 224, in query
    _mysql.connection.query(self, query)
MySQLdb._exceptions.OperationalError: (1054, "Unknown column 'laserdata_start_id' in 'field list'")

The above exception was the direct cause of the following exception:

Traceback (most recent call last):
  File "D:\Python37\lib\site-packages\django\core\handlers\exception.py", line 34, in inner
    response = get_response(request)
  File "D:\Python37\lib\site-packages\django\core\handlers\base.py", line 115, in _get_response
    response = self.process_exception_by_middleware(e, request)
  File "D:\Python37\lib\site-packages\django\core\handlers\base.py", line 113, in _get_response
    response = wrapped_callback(request, *callback_args, **callback_kwargs)
  File "E:/1.chenbo/1-program/11-LAMDataServer/lamdataserver\LAMProcessData\views.py", line 2144, in lamprocessmission_CutRecords_by_Time
    _model_inst.save()
  File "D:\Python37\lib\site-packages\django\db\models\base.py", line 741, in save
    force_update=force_update, update_fields=update_fields)
  File "D:\Python37\lib\site-packages\django\db\models\base.py", line 779, in save_base
    force_update, using, update_fields,
  File "D:\Python37\lib\site-packages\django\db\models\base.py", line 870, in _save_table
    result = self._do_insert(cls._base_manager, using, fields, update_pk, raw)
  File "D:\Python37\lib\site-packages\django\db\models\base.py", line 908, in _do_insert
    using=using, raw=raw)
  File "D:\Python37\lib\site-packages\django\db\models\manager.py", line 82, in manager_method
    return getattr(self.get_queryset(), name)(*args, **kwargs)
  File "D:\Python37\lib\site-packages\django\db\models\query.py", line 1186, in _insert
    return query.get_compiler(using=using).execute_sql(return_id)
  File "D:\Python37\lib\site-packages\django\db\models\sql\compiler.py", line 1332, in execute_sql
    cursor.execute(sql, params)
  File "D:\Python37\lib\site-packages\django\db\backends\utils.py", line 99, in execute
    return super().execute(sql, params)
  File "D:\Python37\lib\site-packages\django\db\backends\utils.py", line 67, in execute
    return self._execute_with_wrappers(sql, params, many=False, executor=self._execute)
  File "D:\Python37\lib\site-packages\django\db\backends\utils.py", line 76, in _execute_with_wrappers
    return executor(sql, params, many, context)
  File "D:\Python37\lib\site-packages\django\db\backends\utils.py", line 84, in _execute
    return self.cursor.execute(sql, params)
  File "D:\Python37\lib\site-packages\django\db\utils.py", line 89, in __exit__
    raise dj_exc_value.with_traceback(traceback) from exc_value
  File "D:\Python37\lib\site-packages\django\db\backends\utils.py", line 84, in _execute
    return self.cursor.execute(sql, params)
  File "D:\Python37\lib\site-packages\django\db\backends\mysql\base.py", line 71, in execute
    return self.cursor.execute(query, args)
  File "D:\Python37\lib\site-packages\MySQLdb\cursors.py", line 206, in execute
    res = self._query(query)
  File "D:\Python37\lib\site-packages\MySQLdb\cursors.py", line 312, in _query
    db.query(q)
  File "D:\Python37\lib\site-packages\MySQLdb\connections.py", line 224, in query
    _mysql.connection.query(self, query)
django.db.utils.OperationalError: (1054, "Unknown column 'laserdata_start_id' in 'field list'")
2019-12-08 Sun 16:10:40 autoreload.py trigger_reload 203 - INFO - E:\1.chenbo\1-program\11-LAMDataServer\lamdataserver\LAMProcessData\models.py changed, reloading.
2019-12-08 Sun 16:10:42 autoreload.py run_with_reloader 578 - INFO - Watching for file changes with StatReloader
2019-12-08 Sun 16:11:39 log.py log_response 228 - ERROR - Internal Server Error: /LAMProcessData/ProcessRecords/LAMProcessMission/CutRecordsByTime/
Traceback (most recent call last):
  File "D:\Python37\lib\site-packages\django\db\backends\utils.py", line 84, in _execute
    return self.cursor.execute(sql, params)
  File "D:\Python37\lib\site-packages\django\db\backends\mysql\base.py", line 71, in execute
    return self.cursor.execute(query, args)
  File "D:\Python37\lib\site-packages\MySQLdb\cursors.py", line 206, in execute
    res = self._query(query)
  File "D:\Python37\lib\site-packages\MySQLdb\cursors.py", line 312, in _query
    db.query(q)
  File "D:\Python37\lib\site-packages\MySQLdb\connections.py", line 224, in query
    _mysql.connection.query(self, query)
MySQLdb._exceptions.OperationalError: (1054, "Unknown column 'LAMProcessData_process_mission_timecut.laserdata_start_id' in 'field list'")

The above exception was the direct cause of the following exception:

Traceback (most recent call last):
  File "E:/1.chenbo/1-program/11-LAMDataServer/lamdataserver\LAMProcessData\views.py", line 2140, in lamprocessmission_CutRecords_by_Time
    _model_inst = Process_Mission_timecut.objects.get(process_mission=mission)
  File "D:\Python37\lib\site-packages\django\db\models\manager.py", line 82, in manager_method
    return getattr(self.get_queryset(), name)(*args, **kwargs)
  File "D:\Python37\lib\site-packages\django\db\models\query.py", line 402, in get
    num = len(clone)
  File "D:\Python37\lib\site-packages\django\db\models\query.py", line 256, in __len__
    self._fetch_all()
  File "D:\Python37\lib\site-packages\django\db\models\query.py", line 1242, in _fetch_all
    self._result_cache = list(self._iterable_class(self))
  File "D:\Python37\lib\site-packages\django\db\models\query.py", line 55, in __iter__
    results = compiler.execute_sql(chunked_fetch=self.chunked_fetch, chunk_size=self.chunk_size)
  File "D:\Python37\lib\site-packages\django\db\models\sql\compiler.py", line 1097, in execute_sql
    cursor.execute(sql, params)
  File "D:\Python37\lib\site-packages\django\db\backends\utils.py", line 99, in execute
    return super().execute(sql, params)
  File "D:\Python37\lib\site-packages\django\db\backends\utils.py", line 67, in execute
    return self._execute_with_wrappers(sql, params, many=False, executor=self._execute)
  File "D:\Python37\lib\site-packages\django\db\backends\utils.py", line 76, in _execute_with_wrappers
    return executor(sql, params, many, context)
  File "D:\Python37\lib\site-packages\django\db\backends\utils.py", line 84, in _execute
    return self.cursor.execute(sql, params)
  File "D:\Python37\lib\site-packages\django\db\utils.py", line 89, in __exit__
    raise dj_exc_value.with_traceback(traceback) from exc_value
  File "D:\Python37\lib\site-packages\django\db\backends\utils.py", line 84, in _execute
    return self.cursor.execute(sql, params)
  File "D:\Python37\lib\site-packages\django\db\backends\mysql\base.py", line 71, in execute
    return self.cursor.execute(query, args)
  File "D:\Python37\lib\site-packages\MySQLdb\cursors.py", line 206, in execute
    res = self._query(query)
  File "D:\Python37\lib\site-packages\MySQLdb\cursors.py", line 312, in _query
    db.query(q)
  File "D:\Python37\lib\site-packages\MySQLdb\connections.py", line 224, in query
    _mysql.connection.query(self, query)
django.db.utils.OperationalError: (1054, "Unknown column 'LAMProcessData_process_mission_timecut.laserdata_start_id' in 'field list'")

During handling of the above exception, another exception occurred:

Traceback (most recent call last):
  File "D:\Python37\lib\site-packages\django\db\backends\utils.py", line 84, in _execute
    return self.cursor.execute(sql, params)
  File "D:\Python37\lib\site-packages\django\db\backends\mysql\base.py", line 71, in execute
    return self.cursor.execute(query, args)
  File "D:\Python37\lib\site-packages\MySQLdb\cursors.py", line 206, in execute
    res = self._query(query)
  File "D:\Python37\lib\site-packages\MySQLdb\cursors.py", line 312, in _query
    db.query(q)
  File "D:\Python37\lib\site-packages\MySQLdb\connections.py", line 224, in query
    _mysql.connection.query(self, query)
MySQLdb._exceptions.OperationalError: (1054, "Unknown column 'laserdata_start_id' in 'field list'")

The above exception was the direct cause of the following exception:

Traceback (most recent call last):
  File "D:\Python37\lib\site-packages\django\core\handlers\exception.py", line 34, in inner
    response = get_response(request)
  File "D:\Python37\lib\site-packages\django\core\handlers\base.py", line 115, in _get_response
    response = self.process_exception_by_middleware(e, request)
  File "D:\Python37\lib\site-packages\django\core\handlers\base.py", line 113, in _get_response
    response = wrapped_callback(request, *callback_args, **callback_kwargs)
  File "E:/1.chenbo/1-program/11-LAMDataServer/lamdataserver\LAMProcessData\views.py", line 2144, in lamprocessmission_CutRecords_by_Time
    _model_inst.save()
  File "D:\Python37\lib\site-packages\django\db\models\base.py", line 741, in save
    force_update=force_update, update_fields=update_fields)
  File "D:\Python37\lib\site-packages\django\db\models\base.py", line 779, in save_base
    force_update, using, update_fields,
  File "D:\Python37\lib\site-packages\django\db\models\base.py", line 870, in _save_table
    result = self._do_insert(cls._base_manager, using, fields, update_pk, raw)
  File "D:\Python37\lib\site-packages\django\db\models\base.py", line 908, in _do_insert
    using=using, raw=raw)
  File "D:\Python37\lib\site-packages\django\db\models\manager.py", line 82, in manager_method
    return getattr(self.get_queryset(), name)(*args, **kwargs)
  File "D:\Python37\lib\site-packages\django\db\models\query.py", line 1186, in _insert
    return query.get_compiler(using=using).execute_sql(return_id)
  File "D:\Python37\lib\site-packages\django\db\models\sql\compiler.py", line 1332, in execute_sql
    cursor.execute(sql, params)
  File "D:\Python37\lib\site-packages\django\db\backends\utils.py", line 99, in execute
    return super().execute(sql, params)
  File "D:\Python37\lib\site-packages\django\db\backends\utils.py", line 67, in execute
    return self._execute_with_wrappers(sql, params, many=False, executor=self._execute)
  File "D:\Python37\lib\site-packages\django\db\backends\utils.py", line 76, in _execute_with_wrappers
    return executor(sql, params, many, context)
  File "D:\Python37\lib\site-packages\django\db\backends\utils.py", line 84, in _execute
    return self.cursor.execute(sql, params)
  File "D:\Python37\lib\site-packages\django\db\utils.py", line 89, in __exit__
    raise dj_exc_value.with_traceback(traceback) from exc_value
  File "D:\Python37\lib\site-packages\django\db\backends\utils.py", line 84, in _execute
    return self.cursor.execute(sql, params)
  File "D:\Python37\lib\site-packages\django\db\backends\mysql\base.py", line 71, in execute
    return self.cursor.execute(query, args)
  File "D:\Python37\lib\site-packages\MySQLdb\cursors.py", line 206, in execute
    res = self._query(query)
  File "D:\Python37\lib\site-packages\MySQLdb\cursors.py", line 312, in _query
    db.query(q)
  File "D:\Python37\lib\site-packages\MySQLdb\connections.py", line 224, in query
    _mysql.connection.query(self, query)
django.db.utils.OperationalError: (1054, "Unknown column 'laserdata_start_id' in 'field list'")
2019-12-08 Sun 16:12:34 log.py log_response 228 - ERROR - Internal Server Error: /LAMProcessData/ProcessRecords/LAMProcessMission/CutRecordsByTime/
Traceback (most recent call last):
  File "D:\Python37\lib\site-packages\django\db\backends\utils.py", line 84, in _execute
    return self.cursor.execute(sql, params)
  File "D:\Python37\lib\site-packages\django\db\backends\mysql\base.py", line 71, in execute
    return self.cursor.execute(query, args)
  File "D:\Python37\lib\site-packages\MySQLdb\cursors.py", line 206, in execute
    res = self._query(query)
  File "D:\Python37\lib\site-packages\MySQLdb\cursors.py", line 312, in _query
    db.query(q)
  File "D:\Python37\lib\site-packages\MySQLdb\connections.py", line 224, in query
    _mysql.connection.query(self, query)
MySQLdb._exceptions.OperationalError: (1054, "Unknown column 'LAMProcessData_process_mission_timecut.laserdata_start_id' in 'field list'")

The above exception was the direct cause of the following exception:

Traceback (most recent call last):
  File "E:/1.chenbo/1-program/11-LAMDataServer/lamdataserver\LAMProcessData\views.py", line 2140, in lamprocessmission_CutRecords_by_Time
    _model_inst = Process_Mission_timecut.objects.get(process_mission=mission)
  File "D:\Python37\lib\site-packages\django\db\models\manager.py", line 82, in manager_method
    return getattr(self.get_queryset(), name)(*args, **kwargs)
  File "D:\Python37\lib\site-packages\django\db\models\query.py", line 402, in get
    num = len(clone)
  File "D:\Python37\lib\site-packages\django\db\models\query.py", line 256, in __len__
    self._fetch_all()
  File "D:\Python37\lib\site-packages\django\db\models\query.py", line 1242, in _fetch_all
    self._result_cache = list(self._iterable_class(self))
  File "D:\Python37\lib\site-packages\django\db\models\query.py", line 55, in __iter__
    results = compiler.execute_sql(chunked_fetch=self.chunked_fetch, chunk_size=self.chunk_size)
  File "D:\Python37\lib\site-packages\django\db\models\sql\compiler.py", line 1097, in execute_sql
    cursor.execute(sql, params)
  File "D:\Python37\lib\site-packages\django\db\backends\utils.py", line 99, in execute
    return super().execute(sql, params)
  File "D:\Python37\lib\site-packages\django\db\backends\utils.py", line 67, in execute
    return self._execute_with_wrappers(sql, params, many=False, executor=self._execute)
  File "D:\Python37\lib\site-packages\django\db\backends\utils.py", line 76, in _execute_with_wrappers
    return executor(sql, params, many, context)
  File "D:\Python37\lib\site-packages\django\db\backends\utils.py", line 84, in _execute
    return self.cursor.execute(sql, params)
  File "D:\Python37\lib\site-packages\django\db\utils.py", line 89, in __exit__
    raise dj_exc_value.with_traceback(traceback) from exc_value
  File "D:\Python37\lib\site-packages\django\db\backends\utils.py", line 84, in _execute
    return self.cursor.execute(sql, params)
  File "D:\Python37\lib\site-packages\django\db\backends\mysql\base.py", line 71, in execute
    return self.cursor.execute(query, args)
  File "D:\Python37\lib\site-packages\MySQLdb\cursors.py", line 206, in execute
    res = self._query(query)
  File "D:\Python37\lib\site-packages\MySQLdb\cursors.py", line 312, in _query
    db.query(q)
  File "D:\Python37\lib\site-packages\MySQLdb\connections.py", line 224, in query
    _mysql.connection.query(self, query)
django.db.utils.OperationalError: (1054, "Unknown column 'LAMProcessData_process_mission_timecut.laserdata_start_id' in 'field list'")

During handling of the above exception, another exception occurred:

Traceback (most recent call last):
  File "D:\Python37\lib\site-packages\django\db\backends\utils.py", line 84, in _execute
    return self.cursor.execute(sql, params)
  File "D:\Python37\lib\site-packages\django\db\backends\mysql\base.py", line 71, in execute
    return self.cursor.execute(query, args)
  File "D:\Python37\lib\site-packages\MySQLdb\cursors.py", line 206, in execute
    res = self._query(query)
  File "D:\Python37\lib\site-packages\MySQLdb\cursors.py", line 312, in _query
    db.query(q)
  File "D:\Python37\lib\site-packages\MySQLdb\connections.py", line 224, in query
    _mysql.connection.query(self, query)
MySQLdb._exceptions.OperationalError: (1054, "Unknown column 'laserdata_start_id' in 'field list'")

The above exception was the direct cause of the following exception:

Traceback (most recent call last):
  File "D:\Python37\lib\site-packages\django\core\handlers\exception.py", line 34, in inner
    response = get_response(request)
  File "D:\Python37\lib\site-packages\django\core\handlers\base.py", line 115, in _get_response
    response = self.process_exception_by_middleware(e, request)
  File "D:\Python37\lib\site-packages\django\core\handlers\base.py", line 113, in _get_response
    response = wrapped_callback(request, *callback_args, **callback_kwargs)
  File "E:/1.chenbo/1-program/11-LAMDataServer/lamdataserver\LAMProcessData\views.py", line 2144, in lamprocessmission_CutRecords_by_Time
    _model_inst.save()
  File "D:\Python37\lib\site-packages\django\db\models\base.py", line 741, in save
    force_update=force_update, update_fields=update_fields)
  File "D:\Python37\lib\site-packages\django\db\models\base.py", line 779, in save_base
    force_update, using, update_fields,
  File "D:\Python37\lib\site-packages\django\db\models\base.py", line 870, in _save_table
    result = self._do_insert(cls._base_manager, using, fields, update_pk, raw)
  File "D:\Python37\lib\site-packages\django\db\models\base.py", line 908, in _do_insert
    using=using, raw=raw)
  File "D:\Python37\lib\site-packages\django\db\models\manager.py", line 82, in manager_method
    return getattr(self.get_queryset(), name)(*args, **kwargs)
  File "D:\Python37\lib\site-packages\django\db\models\query.py", line 1186, in _insert
    return query.get_compiler(using=using).execute_sql(return_id)
  File "D:\Python37\lib\site-packages\django\db\models\sql\compiler.py", line 1332, in execute_sql
    cursor.execute(sql, params)
  File "D:\Python37\lib\site-packages\django\db\backends\utils.py", line 99, in execute
    return super().execute(sql, params)
  File "D:\Python37\lib\site-packages\django\db\backends\utils.py", line 67, in execute
    return self._execute_with_wrappers(sql, params, many=False, executor=self._execute)
  File "D:\Python37\lib\site-packages\django\db\backends\utils.py", line 76, in _execute_with_wrappers
    return executor(sql, params, many, context)
  File "D:\Python37\lib\site-packages\django\db\backends\utils.py", line 84, in _execute
    return self.cursor.execute(sql, params)
  File "D:\Python37\lib\site-packages\django\db\utils.py", line 89, in __exit__
    raise dj_exc_value.with_traceback(traceback) from exc_value
  File "D:\Python37\lib\site-packages\django\db\backends\utils.py", line 84, in _execute
    return self.cursor.execute(sql, params)
  File "D:\Python37\lib\site-packages\django\db\backends\mysql\base.py", line 71, in execute
    return self.cursor.execute(query, args)
  File "D:\Python37\lib\site-packages\MySQLdb\cursors.py", line 206, in execute
    res = self._query(query)
  File "D:\Python37\lib\site-packages\MySQLdb\cursors.py", line 312, in _query
    db.query(q)
  File "D:\Python37\lib\site-packages\MySQLdb\connections.py", line 224, in query
    _mysql.connection.query(self, query)
django.db.utils.OperationalError: (1054, "Unknown column 'laserdata_start_id' in 'field list'")
2019-12-08 Sun 16:13:26 autoreload.py run_with_reloader 578 - INFO - Watching for file changes with StatReloader
2019-12-08 Sun 16:14:32 log.py log_response 228 - ERROR - Internal Server Error: /LAMProcessData/ProcessRecords/LAMProcessMission/CutRecordsByTime/
Traceback (most recent call last):
  File "D:\Python37\lib\site-packages\django\db\backends\utils.py", line 84, in _execute
    return self.cursor.execute(sql, params)
  File "D:\Python37\lib\site-packages\django\db\backends\mysql\base.py", line 71, in execute
    return self.cursor.execute(query, args)
  File "D:\Python37\lib\site-packages\MySQLdb\cursors.py", line 206, in execute
    res = self._query(query)
  File "D:\Python37\lib\site-packages\MySQLdb\cursors.py", line 312, in _query
    db.query(q)
  File "D:\Python37\lib\site-packages\MySQLdb\connections.py", line 224, in query
    _mysql.connection.query(self, query)
MySQLdb._exceptions.OperationalError: (1054, "Unknown column 'LAMProcessData_process_mission_timecut.laserdata_start_id' in 'field list'")

The above exception was the direct cause of the following exception:

Traceback (most recent call last):
  File "E:/1.chenbo/1-program/11-LAMDataServer/lamdataserver\LAMProcessData\views.py", line 2140, in lamprocessmission_CutRecords_by_Time
    _model_inst = Process_Mission_timecut.objects.get(process_mission=mission)
  File "D:\Python37\lib\site-packages\django\db\models\manager.py", line 82, in manager_method
    return getattr(self.get_queryset(), name)(*args, **kwargs)
  File "D:\Python37\lib\site-packages\django\db\models\query.py", line 402, in get
    num = len(clone)
  File "D:\Python37\lib\site-packages\django\db\models\query.py", line 256, in __len__
    self._fetch_all()
  File "D:\Python37\lib\site-packages\django\db\models\query.py", line 1242, in _fetch_all
    self._result_cache = list(self._iterable_class(self))
  File "D:\Python37\lib\site-packages\django\db\models\query.py", line 55, in __iter__
    results = compiler.execute_sql(chunked_fetch=self.chunked_fetch, chunk_size=self.chunk_size)
  File "D:\Python37\lib\site-packages\django\db\models\sql\compiler.py", line 1097, in execute_sql
    cursor.execute(sql, params)
  File "D:\Python37\lib\site-packages\django\db\backends\utils.py", line 99, in execute
    return super().execute(sql, params)
  File "D:\Python37\lib\site-packages\django\db\backends\utils.py", line 67, in execute
    return self._execute_with_wrappers(sql, params, many=False, executor=self._execute)
  File "D:\Python37\lib\site-packages\django\db\backends\utils.py", line 76, in _execute_with_wrappers
    return executor(sql, params, many, context)
  File "D:\Python37\lib\site-packages\django\db\backends\utils.py", line 84, in _execute
    return self.cursor.execute(sql, params)
  File "D:\Python37\lib\site-packages\django\db\utils.py", line 89, in __exit__
    raise dj_exc_value.with_traceback(traceback) from exc_value
  File "D:\Python37\lib\site-packages\django\db\backends\utils.py", line 84, in _execute
    return self.cursor.execute(sql, params)
  File "D:\Python37\lib\site-packages\django\db\backends\mysql\base.py", line 71, in execute
    return self.cursor.execute(query, args)
  File "D:\Python37\lib\site-packages\MySQLdb\cursors.py", line 206, in execute
    res = self._query(query)
  File "D:\Python37\lib\site-packages\MySQLdb\cursors.py", line 312, in _query
    db.query(q)
  File "D:\Python37\lib\site-packages\MySQLdb\connections.py", line 224, in query
    _mysql.connection.query(self, query)
django.db.utils.OperationalError: (1054, "Unknown column 'LAMProcessData_process_mission_timecut.laserdata_start_id' in 'field list'")

During handling of the above exception, another exception occurred:

Traceback (most recent call last):
  File "D:\Python37\lib\site-packages\django\db\backends\utils.py", line 84, in _execute
    return self.cursor.execute(sql, params)
  File "D:\Python37\lib\site-packages\django\db\backends\mysql\base.py", line 71, in execute
    return self.cursor.execute(query, args)
  File "D:\Python37\lib\site-packages\MySQLdb\cursors.py", line 206, in execute
    res = self._query(query)
  File "D:\Python37\lib\site-packages\MySQLdb\cursors.py", line 312, in _query
    db.query(q)
  File "D:\Python37\lib\site-packages\MySQLdb\connections.py", line 224, in query
    _mysql.connection.query(self, query)
MySQLdb._exceptions.OperationalError: (1054, "Unknown column 'laserdata_start_id' in 'field list'")

The above exception was the direct cause of the following exception:

Traceback (most recent call last):
  File "D:\Python37\lib\site-packages\django\core\handlers\exception.py", line 34, in inner
    response = get_response(request)
  File "D:\Python37\lib\site-packages\django\core\handlers\base.py", line 115, in _get_response
    response = self.process_exception_by_middleware(e, request)
  File "D:\Python37\lib\site-packages\django\core\handlers\base.py", line 113, in _get_response
    response = wrapped_callback(request, *callback_args, **callback_kwargs)
  File "E:/1.chenbo/1-program/11-LAMDataServer/lamdataserver\LAMProcessData\views.py", line 2144, in lamprocessmission_CutRecords_by_Time
    _model_inst.save()
  File "D:\Python37\lib\site-packages\django\db\models\base.py", line 741, in save
    force_update=force_update, update_fields=update_fields)
  File "D:\Python37\lib\site-packages\django\db\models\base.py", line 779, in save_base
    force_update, using, update_fields,
  File "D:\Python37\lib\site-packages\django\db\models\base.py", line 870, in _save_table
    result = self._do_insert(cls._base_manager, using, fields, update_pk, raw)
  File "D:\Python37\lib\site-packages\django\db\models\base.py", line 908, in _do_insert
    using=using, raw=raw)
  File "D:\Python37\lib\site-packages\django\db\models\manager.py", line 82, in manager_method
    return getattr(self.get_queryset(), name)(*args, **kwargs)
  File "D:\Python37\lib\site-packages\django\db\models\query.py", line 1186, in _insert
    return query.get_compiler(using=using).execute_sql(return_id)
  File "D:\Python37\lib\site-packages\django\db\models\sql\compiler.py", line 1332, in execute_sql
    cursor.execute(sql, params)
  File "D:\Python37\lib\site-packages\django\db\backends\utils.py", line 99, in execute
    return super().execute(sql, params)
  File "D:\Python37\lib\site-packages\django\db\backends\utils.py", line 67, in execute
    return self._execute_with_wrappers(sql, params, many=False, executor=self._execute)
  File "D:\Python37\lib\site-packages\django\db\backends\utils.py", line 76, in _execute_with_wrappers
    return executor(sql, params, many, context)
  File "D:\Python37\lib\site-packages\django\db\backends\utils.py", line 84, in _execute
    return self.cursor.execute(sql, params)
  File "D:\Python37\lib\site-packages\django\db\utils.py", line 89, in __exit__
    raise dj_exc_value.with_traceback(traceback) from exc_value
  File "D:\Python37\lib\site-packages\django\db\backends\utils.py", line 84, in _execute
    return self.cursor.execute(sql, params)
  File "D:\Python37\lib\site-packages\django\db\backends\mysql\base.py", line 71, in execute
    return self.cursor.execute(query, args)
  File "D:\Python37\lib\site-packages\MySQLdb\cursors.py", line 206, in execute
    res = self._query(query)
  File "D:\Python37\lib\site-packages\MySQLdb\cursors.py", line 312, in _query
    db.query(q)
  File "D:\Python37\lib\site-packages\MySQLdb\connections.py", line 224, in query
    _mysql.connection.query(self, query)
django.db.utils.OperationalError: (1054, "Unknown column 'laserdata_start_id' in 'field list'")
2019-12-08 Sun 16:22:09 autoreload.py run_with_reloader 578 - INFO - Watching for file changes with StatReloader
2019-12-08 Sun 16:22:36 autoreload.py trigger_reload 203 - INFO - E:\1.chenbo\1-program\11-LAMDataServer\lamdataserver\LAMProcessData\forms.py changed, reloading.
2019-12-08 Sun 16:22:38 autoreload.py run_with_reloader 578 - INFO - Watching for file changes with StatReloader
2019-12-08 Sun 16:23:50 log.py log_response 228 - ERROR - Internal Server Error: /LAMProcessData/ProcessRecords/LAMProcessMission/CutRecordsByTime/
Traceback (most recent call last):
  File "D:\Python37\lib\site-packages\django\core\handlers\exception.py", line 34, in inner
    response = get_response(request)
  File "D:\Python37\lib\site-packages\django\core\handlers\base.py", line 115, in _get_response
    response = self.process_exception_by_middleware(e, request)
  File "D:\Python37\lib\site-packages\django\core\handlers\base.py", line 113, in _get_response
    response = wrapped_callback(request, *callback_args, **callback_kwargs)
  File "E:\1.chenbo\1-program\11-LAMDataServer\lamdataserver\LAMProcessData\views.py", line 2139, in lamprocessmission_CutRecords_by_Time
    _form_inst = LAMProcessMission_TimeCutRecordsForm(instance=_model_inst)
UnboundLocalError: local variable '_model_inst' referenced before assignment
2019-12-08 Sun 16:24:10 autoreload.py trigger_reload 203 - INFO - E:\1.chenbo\1-program\11-LAMDataServer\lamdataserver\LAMProcessData\forms.py changed, reloading.
2019-12-08 Sun 16:24:11 autoreload.py run_with_reloader 578 - INFO - Watching for file changes with StatReloader
2019-12-08 Sun 16:24:31 autoreload.py run_with_reloader 578 - INFO - Watching for file changes with StatReloader
2019-12-08 Sun 16:24:38 log.py log_response 228 - ERROR - Internal Server Error: /LAMProcessData/ProcessRecords/LAMProcessMission/CutRecordsByTime/
Traceback (most recent call last):
  File "D:\Python37\lib\site-packages\django\core\handlers\exception.py", line 34, in inner
    response = get_response(request)
  File "D:\Python37\lib\site-packages\django\core\handlers\base.py", line 115, in _get_response
    response = self.process_exception_by_middleware(e, request)
  File "D:\Python37\lib\site-packages\django\core\handlers\base.py", line 113, in _get_response
    response = wrapped_callback(request, *callback_args, **callback_kwargs)
  File "E:/1.chenbo/1-program/11-LAMDataServer/lamdataserver\LAMProcessData\views.py", line 2139, in lamprocessmission_CutRecords_by_Time
    _form_inst = LAMProcessMission_TimeCutRecordsForm(instance=_model_inst)
UnboundLocalError: local variable '_model_inst' referenced before assignment
2019-12-08 Sun 16:25:14 autoreload.py trigger_reload 203 - INFO - E:\1.chenbo\1-program\11-LAMDataServer\lamdataserver\LAMProcessData\views.py changed, reloading.
2019-12-08 Sun 16:25:19 autoreload.py run_with_reloader 578 - INFO - Watching for file changes with StatReloader
2019-12-08 Sun 16:26:12 log.py log_response 228 - ERROR - Internal Server Error: /LAMProcessData/ProcessRecords/LAMProcessMission/CutRecordsByTime/
Traceback (most recent call last):
  File "D:\Python37\lib\site-packages\django\db\backends\utils.py", line 84, in _execute
    return self.cursor.execute(sql, params)
  File "D:\Python37\lib\site-packages\django\db\backends\mysql\base.py", line 71, in execute
    return self.cursor.execute(query, args)
  File "D:\Python37\lib\site-packages\MySQLdb\cursors.py", line 206, in execute
    res = self._query(query)
  File "D:\Python37\lib\site-packages\MySQLdb\cursors.py", line 312, in _query
    db.query(q)
  File "D:\Python37\lib\site-packages\MySQLdb\connections.py", line 224, in query
    _mysql.connection.query(self, query)
MySQLdb._exceptions.OperationalError: (1054, "Unknown column 'LAMProcessData_process_mission_timecut.laserdata_start_id' in 'field list'")

The above exception was the direct cause of the following exception:

Traceback (most recent call last):
  File "E:/1.chenbo/1-program/11-LAMDataServer/lamdataserver\LAMProcessData\views.py", line 2140, in lamprocessmission_CutRecords_by_Time
    _model_inst = Process_Mission_timecut.objects.get(process_mission=mission)
  File "D:\Python37\lib\site-packages\django\db\models\manager.py", line 82, in manager_method
    return getattr(self.get_queryset(), name)(*args, **kwargs)
  File "D:\Python37\lib\site-packages\django\db\models\query.py", line 402, in get
    num = len(clone)
  File "D:\Python37\lib\site-packages\django\db\models\query.py", line 256, in __len__
    self._fetch_all()
  File "D:\Python37\lib\site-packages\django\db\models\query.py", line 1242, in _fetch_all
    self._result_cache = list(self._iterable_class(self))
  File "D:\Python37\lib\site-packages\django\db\models\query.py", line 55, in __iter__
    results = compiler.execute_sql(chunked_fetch=self.chunked_fetch, chunk_size=self.chunk_size)
  File "D:\Python37\lib\site-packages\django\db\models\sql\compiler.py", line 1097, in execute_sql
    cursor.execute(sql, params)
  File "D:\Python37\lib\site-packages\django\db\backends\utils.py", line 99, in execute
    return super().execute(sql, params)
  File "D:\Python37\lib\site-packages\django\db\backends\utils.py", line 67, in execute
    return self._execute_with_wrappers(sql, params, many=False, executor=self._execute)
  File "D:\Python37\lib\site-packages\django\db\backends\utils.py", line 76, in _execute_with_wrappers
    return executor(sql, params, many, context)
  File "D:\Python37\lib\site-packages\django\db\backends\utils.py", line 84, in _execute
    return self.cursor.execute(sql, params)
  File "D:\Python37\lib\site-packages\django\db\utils.py", line 89, in __exit__
    raise dj_exc_value.with_traceback(traceback) from exc_value
  File "D:\Python37\lib\site-packages\django\db\backends\utils.py", line 84, in _execute
    return self.cursor.execute(sql, params)
  File "D:\Python37\lib\site-packages\django\db\backends\mysql\base.py", line 71, in execute
    return self.cursor.execute(query, args)
  File "D:\Python37\lib\site-packages\MySQLdb\cursors.py", line 206, in execute
    res = self._query(query)
  File "D:\Python37\lib\site-packages\MySQLdb\cursors.py", line 312, in _query
    db.query(q)
  File "D:\Python37\lib\site-packages\MySQLdb\connections.py", line 224, in query
    _mysql.connection.query(self, query)
django.db.utils.OperationalError: (1054, "Unknown column 'LAMProcessData_process_mission_timecut.laserdata_start_id' in 'field list'")

During handling of the above exception, another exception occurred:

Traceback (most recent call last):
  File "D:\Python37\lib\site-packages\django\db\backends\utils.py", line 84, in _execute
    return self.cursor.execute(sql, params)
  File "D:\Python37\lib\site-packages\django\db\backends\mysql\base.py", line 71, in execute
    return self.cursor.execute(query, args)
  File "D:\Python37\lib\site-packages\MySQLdb\cursors.py", line 206, in execute
    res = self._query(query)
  File "D:\Python37\lib\site-packages\MySQLdb\cursors.py", line 312, in _query
    db.query(q)
  File "D:\Python37\lib\site-packages\MySQLdb\connections.py", line 224, in query
    _mysql.connection.query(self, query)
MySQLdb._exceptions.OperationalError: (1054, "Unknown column 'laserdata_start_id' in 'field list'")

The above exception was the direct cause of the following exception:

Traceback (most recent call last):
  File "D:\Python37\lib\site-packages\django\core\handlers\exception.py", line 34, in inner
    response = get_response(request)
  File "D:\Python37\lib\site-packages\django\core\handlers\base.py", line 115, in _get_response
    response = self.process_exception_by_middleware(e, request)
  File "D:\Python37\lib\site-packages\django\core\handlers\base.py", line 113, in _get_response
    response = wrapped_callback(request, *callback_args, **callback_kwargs)
  File "E:/1.chenbo/1-program/11-LAMDataServer/lamdataserver\LAMProcessData\views.py", line 2144, in lamprocessmission_CutRecords_by_Time
    _model_inst.save()
  File "D:\Python37\lib\site-packages\django\db\models\base.py", line 741, in save
    force_update=force_update, update_fields=update_fields)
  File "D:\Python37\lib\site-packages\django\db\models\base.py", line 779, in save_base
    force_update, using, update_fields,
  File "D:\Python37\lib\site-packages\django\db\models\base.py", line 870, in _save_table
    result = self._do_insert(cls._base_manager, using, fields, update_pk, raw)
  File "D:\Python37\lib\site-packages\django\db\models\base.py", line 908, in _do_insert
    using=using, raw=raw)
  File "D:\Python37\lib\site-packages\django\db\models\manager.py", line 82, in manager_method
    return getattr(self.get_queryset(), name)(*args, **kwargs)
  File "D:\Python37\lib\site-packages\django\db\models\query.py", line 1186, in _insert
    return query.get_compiler(using=using).execute_sql(return_id)
  File "D:\Python37\lib\site-packages\django\db\models\sql\compiler.py", line 1332, in execute_sql
    cursor.execute(sql, params)
  File "D:\Python37\lib\site-packages\django\db\backends\utils.py", line 99, in execute
    return super().execute(sql, params)
  File "D:\Python37\lib\site-packages\django\db\backends\utils.py", line 67, in execute
    return self._execute_with_wrappers(sql, params, many=False, executor=self._execute)
  File "D:\Python37\lib\site-packages\django\db\backends\utils.py", line 76, in _execute_with_wrappers
    return executor(sql, params, many, context)
  File "D:\Python37\lib\site-packages\django\db\backends\utils.py", line 84, in _execute
    return self.cursor.execute(sql, params)
  File "D:\Python37\lib\site-packages\django\db\utils.py", line 89, in __exit__
    raise dj_exc_value.with_traceback(traceback) from exc_value
  File "D:\Python37\lib\site-packages\django\db\backends\utils.py", line 84, in _execute
    return self.cursor.execute(sql, params)
  File "D:\Python37\lib\site-packages\django\db\backends\mysql\base.py", line 71, in execute
    return self.cursor.execute(query, args)
  File "D:\Python37\lib\site-packages\MySQLdb\cursors.py", line 206, in execute
    res = self._query(query)
  File "D:\Python37\lib\site-packages\MySQLdb\cursors.py", line 312, in _query
    db.query(q)
  File "D:\Python37\lib\site-packages\MySQLdb\connections.py", line 224, in query
    _mysql.connection.query(self, query)
django.db.utils.OperationalError: (1054, "Unknown column 'laserdata_start_id' in 'field list'")
2019-12-08 Sun 16:26:52 log.py log_response 228 - ERROR - Internal Server Error: /LAMProcessData/ProcessRecords/LAMProcessMission/CutRecordsByTime/
Traceback (most recent call last):
  File "D:\Python37\lib\site-packages\django\db\backends\utils.py", line 84, in _execute
    return self.cursor.execute(sql, params)
  File "D:\Python37\lib\site-packages\django\db\backends\mysql\base.py", line 71, in execute
    return self.cursor.execute(query, args)
  File "D:\Python37\lib\site-packages\MySQLdb\cursors.py", line 206, in execute
    res = self._query(query)
  File "D:\Python37\lib\site-packages\MySQLdb\cursors.py", line 312, in _query
    db.query(q)
  File "D:\Python37\lib\site-packages\MySQLdb\connections.py", line 224, in query
    _mysql.connection.query(self, query)
MySQLdb._exceptions.OperationalError: (1054, "Unknown column 'LAMProcessData_process_mission_timecut.laserdata_start_id' in 'field list'")

The above exception was the direct cause of the following exception:

Traceback (most recent call last):
  File "E:/1.chenbo/1-program/11-LAMDataServer/lamdataserver\LAMProcessData\views.py", line 2140, in lamprocessmission_CutRecords_by_Time
    _model_inst = Process_Mission_timecut.objects.get(process_mission=mission)
  File "D:\Python37\lib\site-packages\django\db\models\manager.py", line 82, in manager_method
    return getattr(self.get_queryset(), name)(*args, **kwargs)
  File "D:\Python37\lib\site-packages\django\db\models\query.py", line 402, in get
    num = len(clone)
  File "D:\Python37\lib\site-packages\django\db\models\query.py", line 256, in __len__
    self._fetch_all()
  File "D:\Python37\lib\site-packages\django\db\models\query.py", line 1242, in _fetch_all
    self._result_cache = list(self._iterable_class(self))
  File "D:\Python37\lib\site-packages\django\db\models\query.py", line 55, in __iter__
    results = compiler.execute_sql(chunked_fetch=self.chunked_fetch, chunk_size=self.chunk_size)
  File "D:\Python37\lib\site-packages\django\db\models\sql\compiler.py", line 1097, in execute_sql
    cursor.execute(sql, params)
  File "D:\Python37\lib\site-packages\django\db\backends\utils.py", line 99, in execute
    return super().execute(sql, params)
  File "D:\Python37\lib\site-packages\django\db\backends\utils.py", line 67, in execute
    return self._execute_with_wrappers(sql, params, many=False, executor=self._execute)
  File "D:\Python37\lib\site-packages\django\db\backends\utils.py", line 76, in _execute_with_wrappers
    return executor(sql, params, many, context)
  File "D:\Python37\lib\site-packages\django\db\backends\utils.py", line 84, in _execute
    return self.cursor.execute(sql, params)
  File "D:\Python37\lib\site-packages\django\db\utils.py", line 89, in __exit__
    raise dj_exc_value.with_traceback(traceback) from exc_value
  File "D:\Python37\lib\site-packages\django\db\backends\utils.py", line 84, in _execute
    return self.cursor.execute(sql, params)
  File "D:\Python37\lib\site-packages\django\db\backends\mysql\base.py", line 71, in execute
    return self.cursor.execute(query, args)
  File "D:\Python37\lib\site-packages\MySQLdb\cursors.py", line 206, in execute
    res = self._query(query)
  File "D:\Python37\lib\site-packages\MySQLdb\cursors.py", line 312, in _query
    db.query(q)
  File "D:\Python37\lib\site-packages\MySQLdb\connections.py", line 224, in query
    _mysql.connection.query(self, query)
django.db.utils.OperationalError: (1054, "Unknown column 'LAMProcessData_process_mission_timecut.laserdata_start_id' in 'field list'")

During handling of the above exception, another exception occurred:

Traceback (most recent call last):
  File "D:\Python37\lib\site-packages\django\db\backends\utils.py", line 84, in _execute
    return self.cursor.execute(sql, params)
  File "D:\Python37\lib\site-packages\django\db\backends\mysql\base.py", line 71, in execute
    return self.cursor.execute(query, args)
  File "D:\Python37\lib\site-packages\MySQLdb\cursors.py", line 206, in execute
    res = self._query(query)
  File "D:\Python37\lib\site-packages\MySQLdb\cursors.py", line 312, in _query
    db.query(q)
  File "D:\Python37\lib\site-packages\MySQLdb\connections.py", line 224, in query
    _mysql.connection.query(self, query)
MySQLdb._exceptions.OperationalError: (1054, "Unknown column 'laserdata_start_id' in 'field list'")

The above exception was the direct cause of the following exception:

Traceback (most recent call last):
  File "D:\Python37\lib\site-packages\django\core\handlers\exception.py", line 34, in inner
    response = get_response(request)
  File "D:\Python37\lib\site-packages\django\core\handlers\base.py", line 115, in _get_response
    response = self.process_exception_by_middleware(e, request)
  File "D:\Python37\lib\site-packages\django\core\handlers\base.py", line 113, in _get_response
    response = wrapped_callback(request, *callback_args, **callback_kwargs)
  File "E:/1.chenbo/1-program/11-LAMDataServer/lamdataserver\LAMProcessData\views.py", line 2144, in lamprocessmission_CutRecords_by_Time
    # _model_inst.save()
  File "D:\Python37\lib\site-packages\django\db\models\base.py", line 741, in save
    force_update=force_update, update_fields=update_fields)
  File "D:\Python37\lib\site-packages\django\db\models\base.py", line 779, in save_base
    force_update, using, update_fields,
  File "D:\Python37\lib\site-packages\django\db\models\base.py", line 870, in _save_table
    result = self._do_insert(cls._base_manager, using, fields, update_pk, raw)
  File "D:\Python37\lib\site-packages\django\db\models\base.py", line 908, in _do_insert
    using=using, raw=raw)
  File "D:\Python37\lib\site-packages\django\db\models\manager.py", line 82, in manager_method
    return getattr(self.get_queryset(), name)(*args, **kwargs)
  File "D:\Python37\lib\site-packages\django\db\models\query.py", line 1186, in _insert
    return query.get_compiler(using=using).execute_sql(return_id)
  File "D:\Python37\lib\site-packages\django\db\models\sql\compiler.py", line 1332, in execute_sql
    cursor.execute(sql, params)
  File "D:\Python37\lib\site-packages\django\db\backends\utils.py", line 99, in execute
    return super().execute(sql, params)
  File "D:\Python37\lib\site-packages\django\db\backends\utils.py", line 67, in execute
    return self._execute_with_wrappers(sql, params, many=False, executor=self._execute)
  File "D:\Python37\lib\site-packages\django\db\backends\utils.py", line 76, in _execute_with_wrappers
    return executor(sql, params, many, context)
  File "D:\Python37\lib\site-packages\django\db\backends\utils.py", line 84, in _execute
    return self.cursor.execute(sql, params)
  File "D:\Python37\lib\site-packages\django\db\utils.py", line 89, in __exit__
    raise dj_exc_value.with_traceback(traceback) from exc_value
  File "D:\Python37\lib\site-packages\django\db\backends\utils.py", line 84, in _execute
    return self.cursor.execute(sql, params)
  File "D:\Python37\lib\site-packages\django\db\backends\mysql\base.py", line 71, in execute
    return self.cursor.execute(query, args)
  File "D:\Python37\lib\site-packages\MySQLdb\cursors.py", line 206, in execute
    res = self._query(query)
  File "D:\Python37\lib\site-packages\MySQLdb\cursors.py", line 312, in _query
    db.query(q)
  File "D:\Python37\lib\site-packages\MySQLdb\connections.py", line 224, in query
    _mysql.connection.query(self, query)
django.db.utils.OperationalError: (1054, "Unknown column 'laserdata_start_id' in 'field list'")
2019-12-08 Sun 16:27:39 autoreload.py run_with_reloader 578 - INFO - Watching for file changes with StatReloader
2019-12-08 Sun 16:31:32 autoreload.py run_with_reloader 578 - INFO - Watching for file changes with StatReloader
2019-12-08 Sun 16:55:19 autoreload.py trigger_reload 203 - INFO - E:\1.chenbo\1-program\11-LAMDataServer\lamdataserver\LAMProcessData\views.py changed, reloading.
2019-12-08 Sun 16:55:27 autoreload.py run_with_reloader 578 - INFO - Watching for file changes with StatReloader
2019-12-08 Sun 17:11:50 autoreload.py trigger_reload 203 - INFO - E:\1.chenbo\1-program\11-LAMDataServer\lamdataserver\LAMProcessData\views.py changed, reloading.
2019-12-08 Sun 17:11:53 autoreload.py run_with_reloader 578 - INFO - Watching for file changes with StatReloader
2019-12-08 Sun 17:15:38 autoreload.py run_with_reloader 578 - INFO - Watching for file changes with StatReloader
2019-12-08 Sun 17:16:17 autoreload.py run_with_reloader 578 - INFO - Watching for file changes with StatReloader
2019-12-08 Sun 17:50:23 log.py log_response 228 - ERROR - Internal Server Error: /LAMProcessData/ProcessRecords/LAMProcessMission/CutRecordsByTime/
Traceback (most recent call last):
  File "D:\Python37\lib\site-packages\django\core\handlers\exception.py", line 34, in inner
    response = get_response(request)
  File "D:\Python37\lib\site-packages\django\core\handlers\base.py", line 115, in _get_response
    response = self.process_exception_by_middleware(e, request)
  File "D:\Python37\lib\site-packages\django\core\handlers\base.py", line 113, in _get_response
    response = wrapped_callback(request, *callback_args, **callback_kwargs)
  File "E:/1.chenbo/1-program/11-LAMDataServer/lamdataserver\LAMProcessData\views.py", line 2178, in lamprocessmission_CutRecords_by_Time
    Q(acquisition_timestamp__lt=finish_timestamp)
TypeError: unsupported operand type(s) for %: 'Q' and 'Q'
2019-12-08 Sun 17:50:54 log.py log_response 228 - ERROR - Internal Server Error: /LAMProcessData/ProcessRecords/LAMProcessMission/CutRecordsByTime/
Traceback (most recent call last):
  File "D:\Python37\lib\site-packages\django\core\handlers\exception.py", line 34, in inner
    response = get_response(request)
  File "D:\Python37\lib\site-packages\django\core\handlers\base.py", line 115, in _get_response
    response = self.process_exception_by_middleware(e, request)
  File "D:\Python37\lib\site-packages\django\core\handlers\base.py", line 113, in _get_response
    response = wrapped_callback(request, *callback_args, **callback_kwargs)
  File "E:/1.chenbo/1-program/11-LAMDataServer/lamdataserver\LAMProcessData\views.py", line 2178, in lamprocessmission_CutRecords_by_Time
    Q(acquisition_timestamp__lt=finish_timestamp)
TypeError: unsupported operand type(s) for %: 'Q' and 'Q'
2019-12-08 Sun 17:51:17 log.py log_response 228 - ERROR - Internal Server Error: /LAMProcessData/ProcessRecords/LAMProcessMission/CutRecordsByTime/
Traceback (most recent call last):
  File "D:\Python37\lib\site-packages\django\core\handlers\exception.py", line 34, in inner
    response = get_response(request)
  File "D:\Python37\lib\site-packages\django\core\handlers\base.py", line 115, in _get_response
    response = self.process_exception_by_middleware(e, request)
  File "D:\Python37\lib\site-packages\django\core\handlers\base.py", line 113, in _get_response
    response = wrapped_callback(request, *callback_args, **callback_kwargs)
  File "E:/1.chenbo/1-program/11-LAMDataServer/lamdataserver\LAMProcessData\views.py", line 2178, in lamprocessmission_CutRecords_by_Time
    Q(acquisition_timestamp__lt=finish_timestamp)
TypeError: unsupported operand type(s) for %: 'Q' and 'Q'
2019-12-08 Sun 17:51:31 autoreload.py run_with_reloader 578 - INFO - Watching for file changes with StatReloader
2019-12-08 Sun 18:40:36 autoreload.py run_with_reloader 578 - INFO - Watching for file changes with StatReloader
2019-12-08 Sun 18:40:39 log.py log_response 228 - WARNING - Not Found: /favicon.ico
2019-12-08 Sun 18:40:42 log.py log_response 228 - WARNING - Not Found: /favicon.ico
2019-12-08 Sun 18:41:33 autoreload.py run_with_reloader 578 - INFO - Watching for file changes with StatReloader
2019-12-08 Sun 18:43:07 autoreload.py trigger_reload 203 - INFO - E:\1.chenbo\1-program\11-LAMDataServer\lamdataserver\LAMProcessData\views.py changed, reloading.
2019-12-08 Sun 18:43:12 autoreload.py run_with_reloader 578 - INFO - Watching for file changes with StatReloader
2019-12-08 Sun 18:45:03 autoreload.py trigger_reload 203 - INFO - E:\1.chenbo\1-program\11-LAMDataServer\lamdataserver\LAMProcessData\views.py changed, reloading.
2019-12-08 Sun 18:45:09 autoreload.py run_with_reloader 578 - INFO - Watching for file changes with StatReloader
2019-12-08 Sun 18:45:54 log.py log_response 228 - ERROR - Internal Server Error: /LAMProcessData/ProcessRecords/LAMProcessMission/CutRecordsByTime/
Traceback (most recent call last):
  File "D:\Python37\lib\site-packages\django\db\backends\utils.py", line 84, in _execute
    return self.cursor.execute(sql, params)
  File "D:\Python37\lib\site-packages\django\db\backends\mysql\base.py", line 71, in execute
    return self.cursor.execute(query, args)
  File "D:\Python37\lib\site-packages\MySQLdb\cursors.py", line 206, in execute
    res = self._query(query)
  File "D:\Python37\lib\site-packages\MySQLdb\cursors.py", line 312, in _query
    db.query(q)
  File "D:\Python37\lib\site-packages\MySQLdb\connections.py", line 224, in query
    _mysql.connection.query(self, query)
MySQLdb._exceptions.OperationalError: (1054, "Unknown column 'laserdata_start_id' in 'field list'")

The above exception was the direct cause of the following exception:

Traceback (most recent call last):
  File "D:\Python37\lib\site-packages\django\core\handlers\exception.py", line 34, in inner
    response = get_response(request)
  File "D:\Python37\lib\site-packages\django\core\handlers\base.py", line 115, in _get_response
    response = self.process_exception_by_middleware(e, request)
  File "D:\Python37\lib\site-packages\django\core\handlers\base.py", line 113, in _get_response
    response = wrapped_callback(request, *callback_args, **callback_kwargs)
  File "E:/1.chenbo/1-program/11-LAMDataServer/lamdataserver\LAMProcessData\views.py", line 2185, in lamprocessmission_CutRecords_by_Time
  File "D:\Python37\lib\site-packages\django\forms\models.py", line 458, in save
    self.instance.save()
  File "D:\Python37\lib\site-packages\django\db\models\base.py", line 741, in save
    force_update=force_update, update_fields=update_fields)
  File "D:\Python37\lib\site-packages\django\db\models\base.py", line 779, in save_base
    force_update, using, update_fields,
  File "D:\Python37\lib\site-packages\django\db\models\base.py", line 870, in _save_table
    result = self._do_insert(cls._base_manager, using, fields, update_pk, raw)
  File "D:\Python37\lib\site-packages\django\db\models\base.py", line 908, in _do_insert
    using=using, raw=raw)
  File "D:\Python37\lib\site-packages\django\db\models\manager.py", line 82, in manager_method
    return getattr(self.get_queryset(), name)(*args, **kwargs)
  File "D:\Python37\lib\site-packages\django\db\models\query.py", line 1186, in _insert
    return query.get_compiler(using=using).execute_sql(return_id)
  File "D:\Python37\lib\site-packages\django\db\models\sql\compiler.py", line 1332, in execute_sql
    cursor.execute(sql, params)
  File "D:\Python37\lib\site-packages\django\db\backends\utils.py", line 99, in execute
    return super().execute(sql, params)
  File "D:\Python37\lib\site-packages\django\db\backends\utils.py", line 67, in execute
    return self._execute_with_wrappers(sql, params, many=False, executor=self._execute)
  File "D:\Python37\lib\site-packages\django\db\backends\utils.py", line 76, in _execute_with_wrappers
    return executor(sql, params, many, context)
  File "D:\Python37\lib\site-packages\django\db\backends\utils.py", line 84, in _execute
    return self.cursor.execute(sql, params)
  File "D:\Python37\lib\site-packages\django\db\utils.py", line 89, in __exit__
    raise dj_exc_value.with_traceback(traceback) from exc_value
  File "D:\Python37\lib\site-packages\django\db\backends\utils.py", line 84, in _execute
    return self.cursor.execute(sql, params)
  File "D:\Python37\lib\site-packages\django\db\backends\mysql\base.py", line 71, in execute
    return self.cursor.execute(query, args)
  File "D:\Python37\lib\site-packages\MySQLdb\cursors.py", line 206, in execute
    res = self._query(query)
  File "D:\Python37\lib\site-packages\MySQLdb\cursors.py", line 312, in _query
    db.query(q)
  File "D:\Python37\lib\site-packages\MySQLdb\connections.py", line 224, in query
    _mysql.connection.query(self, query)
django.db.utils.OperationalError: (1054, "Unknown column 'laserdata_start_id' in 'field list'")
2019-12-08 Sun 18:45:58 log.py log_response 228 - ERROR - Internal Server Error: /LAMProcessData/ProcessRecords/LAMProcessMission/CutRecordsByTime/
Traceback (most recent call last):
  File "D:\Python37\lib\site-packages\django\db\backends\utils.py", line 84, in _execute
    return self.cursor.execute(sql, params)
  File "D:\Python37\lib\site-packages\django\db\backends\mysql\base.py", line 71, in execute
    return self.cursor.execute(query, args)
  File "D:\Python37\lib\site-packages\MySQLdb\cursors.py", line 206, in execute
    res = self._query(query)
  File "D:\Python37\lib\site-packages\MySQLdb\cursors.py", line 312, in _query
    db.query(q)
  File "D:\Python37\lib\site-packages\MySQLdb\connections.py", line 224, in query
    _mysql.connection.query(self, query)
MySQLdb._exceptions.OperationalError: (1054, "Unknown column 'laserdata_start_id' in 'field list'")

The above exception was the direct cause of the following exception:

Traceback (most recent call last):
  File "D:\Python37\lib\site-packages\django\core\handlers\exception.py", line 34, in inner
    response = get_response(request)
  File "D:\Python37\lib\site-packages\django\core\handlers\base.py", line 115, in _get_response
    response = self.process_exception_by_middleware(e, request)
  File "D:\Python37\lib\site-packages\django\core\handlers\base.py", line 113, in _get_response
    response = wrapped_callback(request, *callback_args, **callback_kwargs)
  File "E:/1.chenbo/1-program/11-LAMDataServer/lamdataserver\LAMProcessData\views.py", line 2185, in lamprocessmission_CutRecords_by_Time
  File "D:\Python37\lib\site-packages\django\forms\models.py", line 458, in save
    self.instance.save()
  File "D:\Python37\lib\site-packages\django\db\models\base.py", line 741, in save
    force_update=force_update, update_fields=update_fields)
  File "D:\Python37\lib\site-packages\django\db\models\base.py", line 779, in save_base
    force_update, using, update_fields,
  File "D:\Python37\lib\site-packages\django\db\models\base.py", line 870, in _save_table
    result = self._do_insert(cls._base_manager, using, fields, update_pk, raw)
  File "D:\Python37\lib\site-packages\django\db\models\base.py", line 908, in _do_insert
    using=using, raw=raw)
  File "D:\Python37\lib\site-packages\django\db\models\manager.py", line 82, in manager_method
    return getattr(self.get_queryset(), name)(*args, **kwargs)
  File "D:\Python37\lib\site-packages\django\db\models\query.py", line 1186, in _insert
    return query.get_compiler(using=using).execute_sql(return_id)
  File "D:\Python37\lib\site-packages\django\db\models\sql\compiler.py", line 1332, in execute_sql
    cursor.execute(sql, params)
  File "D:\Python37\lib\site-packages\django\db\backends\utils.py", line 99, in execute
    return super().execute(sql, params)
  File "D:\Python37\lib\site-packages\django\db\backends\utils.py", line 67, in execute
    return self._execute_with_wrappers(sql, params, many=False, executor=self._execute)
  File "D:\Python37\lib\site-packages\django\db\backends\utils.py", line 76, in _execute_with_wrappers
    return executor(sql, params, many, context)
  File "D:\Python37\lib\site-packages\django\db\backends\utils.py", line 84, in _execute
    return self.cursor.execute(sql, params)
  File "D:\Python37\lib\site-packages\django\db\utils.py", line 89, in __exit__
    raise dj_exc_value.with_traceback(traceback) from exc_value
  File "D:\Python37\lib\site-packages\django\db\backends\utils.py", line 84, in _execute
    return self.cursor.execute(sql, params)
  File "D:\Python37\lib\site-packages\django\db\backends\mysql\base.py", line 71, in execute
    return self.cursor.execute(query, args)
  File "D:\Python37\lib\site-packages\MySQLdb\cursors.py", line 206, in execute
    res = self._query(query)
  File "D:\Python37\lib\site-packages\MySQLdb\cursors.py", line 312, in _query
    db.query(q)
  File "D:\Python37\lib\site-packages\MySQLdb\connections.py", line 224, in query
    _mysql.connection.query(self, query)
django.db.utils.OperationalError: (1054, "Unknown column 'laserdata_start_id' in 'field list'")
2019-12-08 Sun 18:46:08 autoreload.py run_with_reloader 578 - INFO - Watching for file changes with StatReloader
2019-12-08 Sun 18:46:48 autoreload.py trigger_reload 203 - INFO - E:\1.chenbo\1-program\11-LAMDataServer\lamdataserver\LAMProcessData\views.py changed, reloading.
2019-12-08 Sun 18:46:53 autoreload.py run_with_reloader 578 - INFO - Watching for file changes with StatReloader
2019-12-08 Sun 18:51:50 autoreload.py run_with_reloader 578 - INFO - Watching for file changes with StatReloader
2019-12-08 Sun 18:52:27 log.py log_response 228 - ERROR - Internal Server Error: /LAMProcessData/ProcessRecords/LAMProcessMission/CutRecordsByTime/
Traceback (most recent call last):
  File "D:\Python37\lib\site-packages\MySQLdb\cursors.py", line 201, in execute
    query = query % args
TypeError: %d format: a number is required, not bytes

During handling of the above exception, another exception occurred:

Traceback (most recent call last):
  File "D:\Python37\lib\site-packages\django\db\backends\utils.py", line 84, in _execute
    return self.cursor.execute(sql, params)
  File "D:\Python37\lib\site-packages\django\db\backends\mysql\base.py", line 71, in execute
    return self.cursor.execute(query, args)
  File "D:\Python37\lib\site-packages\MySQLdb\cursors.py", line 203, in execute
    raise ProgrammingError(str(m))
MySQLdb._exceptions.ProgrammingError: %d format: a number is required, not bytes

The above exception was the direct cause of the following exception:

Traceback (most recent call last):
  File "D:\Python37\lib\site-packages\django\core\handlers\exception.py", line 34, in inner
    response = get_response(request)
  File "D:\Python37\lib\site-packages\django\core\handlers\base.py", line 115, in _get_response
    response = self.process_exception_by_middleware(e, request)
  File "D:\Python37\lib\site-packages\django\core\handlers\base.py", line 113, in _get_response
    response = wrapped_callback(request, *callback_args, **callback_kwargs)
  File "E:/1.chenbo/1-program/11-LAMDataServer/lamdataserver\LAMProcessData\views.py", line 2186, in lamprocessmission_CutRecords_by_Time
    cursor.execute("SELECT id FROM lamdataserver.lamprocessdata_oxygendata where acquisition_timestamp >= %d and acquisition_timestamp <= %d;", [start_timestamp, finish_timestamp])
  File "D:\Python37\lib\site-packages\django\db\backends\utils.py", line 99, in execute
    return super().execute(sql, params)
  File "D:\Python37\lib\site-packages\django\db\backends\utils.py", line 67, in execute
    return self._execute_with_wrappers(sql, params, many=False, executor=self._execute)
  File "D:\Python37\lib\site-packages\django\db\backends\utils.py", line 76, in _execute_with_wrappers
    return executor(sql, params, many, context)
  File "D:\Python37\lib\site-packages\django\db\backends\utils.py", line 84, in _execute
    return self.cursor.execute(sql, params)
  File "D:\Python37\lib\site-packages\django\db\utils.py", line 89, in __exit__
    raise dj_exc_value.with_traceback(traceback) from exc_value
  File "D:\Python37\lib\site-packages\django\db\backends\utils.py", line 84, in _execute
    return self.cursor.execute(sql, params)
  File "D:\Python37\lib\site-packages\django\db\backends\mysql\base.py", line 71, in execute
    return self.cursor.execute(query, args)
  File "D:\Python37\lib\site-packages\MySQLdb\cursors.py", line 203, in execute
    raise ProgrammingError(str(m))
django.db.utils.ProgrammingError: %d format: a number is required, not bytes
2019-12-08 Sun 18:53:48 autoreload.py trigger_reload 203 - INFO - E:\1.chenbo\1-program\11-LAMDataServer\lamdataserver\LAMProcessData\views.py changed, reloading.
2019-12-08 Sun 18:53:58 autoreload.py run_with_reloader 578 - INFO - Watching for file changes with StatReloader
2019-12-08 Sun 18:56:13 autoreload.py trigger_reload 203 - INFO - E:\1.chenbo\1-program\11-LAMDataServer\lamdataserver\LAMProcessData\views.py changed, reloading.
2019-12-08 Sun 18:56:17 autoreload.py run_with_reloader 578 - INFO - Watching for file changes with StatReloader
2019-12-08 Sun 18:57:14 autoreload.py trigger_reload 203 - INFO - E:\1.chenbo\1-program\11-LAMDataServer\lamdataserver\LAMProcessData\views.py changed, reloading.
2019-12-08 Sun 18:57:18 autoreload.py run_with_reloader 578 - INFO - Watching for file changes with StatReloader
2019-12-08 Sun 23:18:46 autoreload.py run_with_reloader 578 - INFO - Watching for file changes with StatReloader
2019-12-08 Sun 23:21:10 log.py log_response 228 - WARNING - Not Found: /favicon.ico
2019-12-08 Sun 23:21:12 log.py log_response 228 - WARNING - Not Found: /favicon.ico
2019-12-08 Sun 23:27:17 autoreload.py run_with_reloader 578 - INFO - Watching for file changes with StatReloader
2019-12-08 Sun 23:28:52 autoreload.py run_with_reloader 578 - INFO - Watching for file changes with StatReloader
2019-12-08 Sun 23:32:36 autoreload.py trigger_reload 203 - INFO - E:\1.chenbo\1-program\11-LAMDataServer\lamdataserver\LAMProcessData\views.py changed, reloading.
2019-12-08 Sun 23:32:40 autoreload.py run_with_reloader 578 - INFO - Watching for file changes with StatReloader
2019-12-08 Sun 23:33:22 autoreload.py trigger_reload 203 - INFO - E:\1.chenbo\1-program\11-LAMDataServer\lamdataserver\LAMProcessData\views.py changed, reloading.
2019-12-08 Sun 23:33:25 autoreload.py run_with_reloader 578 - INFO - Watching for file changes with StatReloader
2019-12-08 Sun 23:35:25 autoreload.py trigger_reload 203 - INFO - E:\1.chenbo\1-program\11-LAMDataServer\lamdataserver\LAMProcessData\views.py changed, reloading.
2019-12-08 Sun 23:35:28 autoreload.py run_with_reloader 578 - INFO - Watching for file changes with StatReloader
2019-12-08 Sun 23:37:31 autoreload.py trigger_reload 203 - INFO - E:\1.chenbo\1-program\11-LAMDataServer\lamdataserver\LAMProcessData\views.py changed, reloading.
2019-12-08 Sun 23:37:33 autoreload.py run_with_reloader 578 - INFO - Watching for file changes with StatReloader
2019-12-08 Sun 23:38:38 autoreload.py trigger_reload 203 - INFO - E:\1.chenbo\1-program\11-LAMDataServer\lamdataserver\LAMProcessData\views.py changed, reloading.
2019-12-08 Sun 23:38:41 autoreload.py run_with_reloader 578 - INFO - Watching for file changes with StatReloader
2019-12-08 Sun 23:38:55 autoreload.py run_with_reloader 578 - INFO - Watching for file changes with StatReloader
2019-12-08 Sun 23:40:26 log.py log_response 228 - ERROR - Internal Server Error: /LAMProcessData/ProcessRecords/LAMProcessMission/CutRecordsByTime/
Traceback (most recent call last):
  File "D:\Python37\lib\site-packages\django\db\backends\utils.py", line 84, in _execute
    return self.cursor.execute(sql, params)
  File "D:\Python37\lib\site-packages\django\db\backends\mysql\base.py", line 71, in execute
    return self.cursor.execute(query, args)
  File "D:\Python37\lib\site-packages\MySQLdb\cursors.py", line 206, in execute
    res = self._query(query)
  File "D:\Python37\lib\site-packages\MySQLdb\cursors.py", line 312, in _query
    db.query(q)
  File "D:\Python37\lib\site-packages\MySQLdb\connections.py", line 224, in query
    _mysql.connection.query(self, query)
MySQLdb._exceptions.OperationalError: (1054, "Unknown column 'laserdata_start_id' in 'field list'")

The above exception was the direct cause of the following exception:

Traceback (most recent call last):
  File "D:\Python37\lib\site-packages\django\core\handlers\exception.py", line 34, in inner
    response = get_response(request)
  File "D:\Python37\lib\site-packages\django\core\handlers\base.py", line 115, in _get_response
    response = self.process_exception_by_middleware(e, request)
  File "D:\Python37\lib\site-packages\django\core\handlers\base.py", line 113, in _get_response
    response = wrapped_callback(request, *callback_args, **callback_kwargs)
  File "E:\1.chenbo\1-program\11-LAMDataServer\lamdataserver\LAMProcessData\views.py", line 2207, in lamprocessmission_CutRecords_by_Time
    _form_inst.save()
  File "D:\Python37\lib\site-packages\django\forms\models.py", line 458, in save
    self.instance.save()
  File "D:\Python37\lib\site-packages\django\db\models\base.py", line 741, in save
    force_update=force_update, update_fields=update_fields)
  File "D:\Python37\lib\site-packages\django\db\models\base.py", line 779, in save_base
    force_update, using, update_fields,
  File "D:\Python37\lib\site-packages\django\db\models\base.py", line 870, in _save_table
    result = self._do_insert(cls._base_manager, using, fields, update_pk, raw)
  File "D:\Python37\lib\site-packages\django\db\models\base.py", line 908, in _do_insert
    using=using, raw=raw)
  File "D:\Python37\lib\site-packages\django\db\models\manager.py", line 82, in manager_method
    return getattr(self.get_queryset(), name)(*args, **kwargs)
  File "D:\Python37\lib\site-packages\django\db\models\query.py", line 1186, in _insert
    return query.get_compiler(using=using).execute_sql(return_id)
  File "D:\Python37\lib\site-packages\django\db\models\sql\compiler.py", line 1332, in execute_sql
    cursor.execute(sql, params)
  File "D:\Python37\lib\site-packages\django\db\backends\utils.py", line 99, in execute
    return super().execute(sql, params)
  File "D:\Python37\lib\site-packages\django\db\backends\utils.py", line 67, in execute
    return self._execute_with_wrappers(sql, params, many=False, executor=self._execute)
  File "D:\Python37\lib\site-packages\django\db\backends\utils.py", line 76, in _execute_with_wrappers
    return executor(sql, params, many, context)
  File "D:\Python37\lib\site-packages\django\db\backends\utils.py", line 84, in _execute
    return self.cursor.execute(sql, params)
  File "D:\Python37\lib\site-packages\django\db\utils.py", line 89, in __exit__
    raise dj_exc_value.with_traceback(traceback) from exc_value
  File "D:\Python37\lib\site-packages\django\db\backends\utils.py", line 84, in _execute
    return self.cursor.execute(sql, params)
  File "D:\Python37\lib\site-packages\django\db\backends\mysql\base.py", line 71, in execute
    return self.cursor.execute(query, args)
  File "D:\Python37\lib\site-packages\MySQLdb\cursors.py", line 206, in execute
    res = self._query(query)
  File "D:\Python37\lib\site-packages\MySQLdb\cursors.py", line 312, in _query
    db.query(q)
  File "D:\Python37\lib\site-packages\MySQLdb\connections.py", line 224, in query
    _mysql.connection.query(self, query)
django.db.utils.OperationalError: (1054, "Unknown column 'laserdata_start_id' in 'field list'")
2019-12-08 Sun 23:41:34 autoreload.py run_with_reloader 578 - INFO - Watching for file changes with StatReloader
2019-12-08 Sun 23:55:07 autoreload.py run_with_reloader 578 - INFO - Watching for file changes with StatReloader
2019-12-08 Sun 23:56:33 autoreload.py run_with_reloader 578 - INFO - Watching for file changes with StatReloader
2019-12-08 Sun 23:59:27 autoreload.py run_with_reloader 578 - INFO - Watching for file changes with StatReloader
2019-12-09 Mon 00:00:51 autoreload.py trigger_reload 203 - INFO - E:\1.chenbo\1-program\11-LAMDataServer\lamdataserver\LAMProcessData\views.py changed, reloading.
